<?xml version="1.0" encoding="UTF-8"?>
<testsuite xmlns:xsi="http://www.w3.org/2001/XMLSchema-instance" xsi:noNamespaceSchemaLocation="https://maven.apache.org/surefire/maven-surefire-plugin/xsd/surefire-test-report-3.0.xsd" version="3.0" name="com.uma.example.springuma.integration.ImagenControllerWebTestClientIT" time="14.902" tests="6" errors="0" skipped="0" failures="0">
  <properties>
[...]
</properties>
  <testcase name="subirVariasImagenes_yObtenerPorPaciente" classname="com.uma.example.springuma.integration.ImagenControllerWebTestClientIT" time="2.631">
    <system-out><![CDATA[2026-04-29T16:58:00.074+02:00  INFO 47729 --- [           main] t.c.s.AnnotationConfigContextLoaderUtils : Could not detect default configuration classes for test class [com.uma.example.springuma.integration.ImagenControllerWebTestClientIT]: ImagenControllerWebTestClientIT does not declare any static, non-private, non-final, nested classes annotated with @Configuration.
2026-04-29T16:58:00.076+02:00  INFO 47729 --- [           main] .b.t.c.SpringBootTestContextBootstrapper : Found @SpringBootConfiguration com.uma.example.springuma.SpringumaApplication for test class com.uma.example.springuma.integration.ImagenControllerWebTestClientIT
2026-04-29T16:58:00.078+02:00  INFO 47729 --- [           main] o.s.b.d.r.RestartApplicationListener     : Restart disabled due to context in which it is running

  .   ____          _            __ _ _
 /\\ / ___'_ __ _ _(_)_ __  __ _ \ \ \ \
( ( )\___ | '_ | '_| | '_ \/ _` | \ \ \ \
 \\/  ___)| |_)| | | | | || (_| |  ) ) ) )
  '  |____| .__|_| |_|_| |_\__, | / / / /
 =========|_|==============|___/=/_/_/_/
 :: Spring Boot ::                (v3.2.5)

2026-04-29T16:58:00.088+02:00  INFO 47729 --- [           main] .u.e.s.i.ImagenControllerWebTestClientIT : Starting ImagenControllerWebTestClientIT using Java 25.0.2 with PID 47729 (started by juan in /home/juan/Documents/Malaga/IPS/labs/CICD/P6/Practica6Alumnos/Practica6Alumnos)
2026-04-29T16:58:00.088+02:00  INFO 47729 --- [           main] .u.e.s.i.ImagenControllerWebTestClientIT : No active profile set, falling back to 1 default profile: "default"
2026-04-29T16:58:00.150+02:00  INFO 47729 --- [           main] .s.d.r.c.RepositoryConfigurationDelegate : Bootstrapping Spring Data JPA repositories in DEFAULT mode.
2026-04-29T16:58:00.154+02:00  INFO 47729 --- [           main] .s.d.r.c.RepositoryConfigurationDelegate : Finished Spring Data repository scanning in 3 ms. Found 4 JPA repository interfaces.
2026-04-29T16:58:00.186+02:00  INFO 47729 --- [           main] o.s.b.w.embedded.tomcat.TomcatWebServer  : Tomcat initialized with port 0 (http)
2026-04-29T16:58:00.187+02:00  INFO 47729 --- [           main] o.apache.catalina.core.StandardService   : Starting service [Tomcat]
2026-04-29T16:58:00.187+02:00  INFO 47729 --- [           main] o.apache.catalina.core.StandardEngine    : Starting Servlet engine: [Apache Tomcat/10.1.20]
2026-04-29T16:58:00.199+02:00  INFO 47729 --- [           main] o.a.c.c.C.[Tomcat].[localhost].[/]       : Initializing Spring embedded WebApplicationContext
2026-04-29T16:58:00.199+02:00  INFO 47729 --- [           main] w.s.c.ServletWebServerApplicationContext : Root WebApplicationContext: initialization completed in 110 ms
Standard Commons Logging discovery in action with spring-jcl: please remove commons-logging.jar from classpath in order to avoid potential conflicts
2026-04-29T16:58:00.215+02:00  INFO 47729 --- [           main] o.hibernate.jpa.internal.util.LogHelper  : HHH000204: Processing PersistenceUnitInfo [name: default]
2026-04-29T16:58:00.216+02:00  INFO 47729 --- [           main] o.h.c.internal.RegionFactoryInitiator    : HHH000026: Second-level cache disabled
2026-04-29T16:58:00.218+02:00  INFO 47729 --- [           main] o.s.o.j.p.SpringPersistenceUnitInfo      : No LoadTimeWeaver setup: ignoring JPA class transformer
2026-04-29T16:58:00.219+02:00  INFO 47729 --- [           main] com.zaxxer.hikari.HikariDataSource       : HikariPool-13 - Starting...
2026-04-29T16:58:00.219+02:00  INFO 47729 --- [           main] com.zaxxer.hikari.pool.HikariPool        : HikariPool-13 - Added connection conn120: url=jdbc:h2:mem:test_db user=TEST
2026-04-29T16:58:00.219+02:00  INFO 47729 --- [           main] com.zaxxer.hikari.HikariDataSource       : HikariPool-13 - Start completed.
2026-04-29T16:58:00.260+02:00  INFO 47729 --- [           main] o.h.e.t.j.p.i.JtaPlatformInitiator       : HHH000489: No JTA platform available (set 'hibernate.transaction.jta.platform' to enable JTA platform integration)
2026-04-29T16:58:00.267+02:00  INFO 47729 --- [           main] j.LocalContainerEntityManagerFactoryBean : Initialized JPA EntityManagerFactory for persistence unit 'default'
2026-04-29T16:58:00.313+02:00  WARN 47729 --- [           main] JpaBaseConfiguration$JpaWebConfiguration : spring.jpa.open-in-view is enabled by default. Therefore, database queries may be performed during view rendering. Explicitly configure spring.jpa.open-in-view to disable this warning
2026-04-29T16:58:00.341+02:00  WARN 47729 --- [           main] ion$DefaultTemplateResolverConfiguration : Cannot find template location: classpath:/templates/ (please add some templates, check your Thymeleaf configuration, or set spring.thymeleaf.check-template-location=false)
2026-04-29T16:58:00.363+02:00  INFO 47729 --- [           main] o.a.c.c.C.[Tomcat].[localhost].[/]       : Initializing Spring TestDispatcherServlet ''
2026-04-29T16:58:00.363+02:00  INFO 47729 --- [           main] o.s.t.web.servlet.TestDispatcherServlet  : Initializing Servlet ''
2026-04-29T16:58:00.363+02:00  INFO 47729 --- [           main] o.s.t.web.servlet.TestDispatcherServlet  : Completed initialization in 0 ms
2026-04-29T16:58:00.370+02:00  INFO 47729 --- [           main] o.s.b.w.embedded.tomcat.TomcatWebServer  : Tomcat started on port 34225 (http) with context path ''
2026-04-29T16:58:00.372+02:00  INFO 47729 --- [           main] .u.e.s.i.ImagenControllerWebTestClientIT : Started ImagenControllerWebTestClientIT in 0.294 seconds (process running for 13.941)
2026-04-29T16:58:00.890+02:00  INFO 47729 --- [-auto-12-exec-1] o.a.c.c.C.[Tomcat].[localhost].[/]       : Initializing Spring DispatcherServlet 'dispatcherServlet'
2026-04-29T16:58:00.890+02:00  INFO 47729 --- [-auto-12-exec-1] o.s.web.servlet.DispatcherServlet        : Initializing Servlet 'dispatcherServlet'
2026-04-29T16:58:00.891+02:00  INFO 47729 --- [-auto-12-exec-1] o.s.web.servlet.DispatcherServlet        : Completed initialization in 0 ms
2026-04-29T16:58:03.104+02:00  INFO 47729 --- [           main] j.LocalContainerEntityManagerFactoryBean : Closing JPA EntityManagerFactory for persistence unit 'default'
2026-04-29T16:58:03.106+02:00  INFO 47729 --- [           main] com.zaxxer.hikari.HikariDataSource       : HikariPool-13 - Shutdown initiated...
2026-04-29T16:58:03.107+02:00  INFO 47729 --- [           main] com.zaxxer.hikari.HikariDataSource       : HikariPool-13 - Shutdown completed.
]]></system-out>
  </testcase>
  <testcase name="subirImagen_yDescargar" classname="com.uma.example.springuma.integration.ImagenControllerWebTestClientIT" time="2.437">
    <system-out><![CDATA[2026-04-29T16:58:03.112+02:00  INFO 47729 --- [           main] o.s.b.d.r.RestartApplicationListener     : Restart disabled due to context in which it is running

  .   ____          _            __ _ _
 /\\ / ___'_ __ _ _(_)_ __  __ _ \ \ \ \
( ( )\___ | '_ | '_| | '_ \/ _` | \ \ \ \
 \\/  ___)| |_)| | | | | || (_| |  ) ) ) )
  '  |____| .__|_| |_|_| |_\__, | / / / /
 =========|_|==============|___/=/_/_/_/
 :: Spring Boot ::                (v3.2.5)

2026-04-29T16:58:03.125+02:00  INFO 47729 --- [           main] .u.e.s.i.ImagenControllerWebTestClientIT : Starting ImagenControllerWebTestClientIT using Java 25.0.2 with PID 47729 (started by juan in /home/juan/Documents/Malaga/IPS/labs/CICD/P6/Practica6Alumnos/Practica6Alumnos)
2026-04-29T16:58:03.125+02:00  INFO 47729 --- [           main] .u.e.s.i.ImagenControllerWebTestClientIT : No active profile set, falling back to 1 default profile: "default"
2026-04-29T16:58:03.220+02:00  INFO 47729 --- [           main] .s.d.r.c.RepositoryConfigurationDelegate : Bootstrapping Spring Data JPA repositories in DEFAULT mode.
2026-04-29T16:58:03.225+02:00  INFO 47729 --- [           main] .s.d.r.c.RepositoryConfigurationDelegate : Finished Spring Data repository scanning in 4 ms. Found 4 JPA repository interfaces.
2026-04-29T16:58:03.262+02:00  INFO 47729 --- [           main] o.s.b.w.embedded.tomcat.TomcatWebServer  : Tomcat initialized with port 0 (http)
2026-04-29T16:58:03.263+02:00  INFO 47729 --- [           main] o.apache.catalina.core.StandardService   : Starting service [Tomcat]
2026-04-29T16:58:03.263+02:00  INFO 47729 --- [           main] o.apache.catalina.core.StandardEngine    : Starting Servlet engine: [Apache Tomcat/10.1.20]
2026-04-29T16:58:03.270+02:00  INFO 47729 --- [           main] o.a.c.c.C.[Tomcat].[localhost].[/]       : Initializing Spring embedded WebApplicationContext
2026-04-29T16:58:03.270+02:00  INFO 47729 --- [           main] w.s.c.ServletWebServerApplicationContext : Root WebApplicationContext: initialization completed in 144 ms
Standard Commons Logging discovery in action with spring-jcl: please remove commons-logging.jar from classpath in order to avoid potential conflicts
2026-04-29T16:58:03.291+02:00  INFO 47729 --- [           main] o.hibernate.jpa.internal.util.LogHelper  : HHH000204: Processing PersistenceUnitInfo [name: default]
2026-04-29T16:58:03.292+02:00  INFO 47729 --- [           main] o.h.c.internal.RegionFactoryInitiator    : HHH000026: Second-level cache disabled
2026-04-29T16:58:03.294+02:00  INFO 47729 --- [           main] o.s.o.j.p.SpringPersistenceUnitInfo      : No LoadTimeWeaver setup: ignoring JPA class transformer
2026-04-29T16:58:03.295+02:00  INFO 47729 --- [           main] com.zaxxer.hikari.HikariDataSource       : HikariPool-14 - Starting...
2026-04-29T16:58:03.295+02:00  INFO 47729 --- [           main] com.zaxxer.hikari.pool.HikariPool        : HikariPool-14 - Added connection conn130: url=jdbc:h2:mem:test_db user=TEST
2026-04-29T16:58:03.296+02:00  INFO 47729 --- [           main] com.zaxxer.hikari.HikariDataSource       : HikariPool-14 - Start completed.
2026-04-29T16:58:03.344+02:00  INFO 47729 --- [           main] o.h.e.t.j.p.i.JtaPlatformInitiator       : HHH000489: No JTA platform available (set 'hibernate.transaction.jta.platform' to enable JTA platform integration)
2026-04-29T16:58:03.354+02:00  INFO 47729 --- [           main] j.LocalContainerEntityManagerFactoryBean : Initialized JPA EntityManagerFactory for persistence unit 'default'
2026-04-29T16:58:03.408+02:00  WARN 47729 --- [           main] JpaBaseConfiguration$JpaWebConfiguration : spring.jpa.open-in-view is enabled by default. Therefore, database queries may be performed during view rendering. Explicitly configure spring.jpa.open-in-view to disable this warning
2026-04-29T16:58:03.447+02:00  WARN 47729 --- [           main] ion$DefaultTemplateResolverConfiguration : Cannot find template location: classpath:/templates/ (please add some templates, check your Thymeleaf configuration, or set spring.thymeleaf.check-template-location=false)
2026-04-29T16:58:03.468+02:00  INFO 47729 --- [           main] o.a.c.c.C.[Tomcat].[localhost].[/]       : Initializing Spring TestDispatcherServlet ''
2026-04-29T16:58:03.469+02:00  INFO 47729 --- [           main] o.s.t.web.servlet.TestDispatcherServlet  : Initializing Servlet ''
2026-04-29T16:58:03.469+02:00  INFO 47729 --- [           main] o.s.t.web.servlet.TestDispatcherServlet  : Completed initialization in 0 ms
2026-04-29T16:58:03.476+02:00  INFO 47729 --- [           main] o.s.b.w.embedded.tomcat.TomcatWebServer  : Tomcat started on port 36721 (http) with context path ''
2026-04-29T16:58:03.478+02:00  INFO 47729 --- [           main] .u.e.s.i.ImagenControllerWebTestClientIT : Started ImagenControllerWebTestClientIT in 0.366 seconds (process running for 17.047)
2026-04-29T16:58:03.487+02:00  INFO 47729 --- [-auto-13-exec-1] o.a.c.c.C.[Tomcat].[localhost].[/]       : Initializing Spring DispatcherServlet 'dispatcherServlet'
2026-04-29T16:58:03.487+02:00  INFO 47729 --- [-auto-13-exec-1] o.s.web.servlet.DispatcherServlet        : Initializing Servlet 'dispatcherServlet'
2026-04-29T16:58:03.487+02:00  INFO 47729 --- [-auto-13-exec-1] o.s.web.servlet.DispatcherServlet        : Completed initialization in 0 ms
2026-04-29T16:58:05.542+02:00  INFO 47729 --- [           main] j.LocalContainerEntityManagerFactoryBean : Closing JPA EntityManagerFactory for persistence unit 'default'
2026-04-29T16:58:05.544+02:00  INFO 47729 --- [           main] com.zaxxer.hikari.HikariDataSource       : HikariPool-14 - Shutdown initiated...
2026-04-29T16:58:05.545+02:00  INFO 47729 --- [           main] com.zaxxer.hikari.HikariDataSource       : HikariPool-14 - Shutdown completed.
]]></system-out>
  </testcase>
  <testcase name="subirImagen_yEliminar" classname="com.uma.example.springuma.integration.ImagenControllerWebTestClientIT" time="2.383">
    <system-out><![CDATA[2026-04-29T16:58:05.549+02:00  INFO 47729 --- [           main] o.s.b.d.r.RestartApplicationListener     : Restart disabled due to context in which it is running

  .   ____          _            __ _ _
 /\\ / ___'_ __ _ _(_)_ __  __ _ \ \ \ \
( ( )\___ | '_ | '_| | '_ \/ _` | \ \ \ \
 \\/  ___)| |_)| | | | | || (_| |  ) ) ) )
  '  |____| .__|_| |_|_| |_\__, | / / / /
 =========|_|==============|___/=/_/_/_/
 :: Spring Boot ::                (v3.2.5)

2026-04-29T16:58:05.559+02:00  INFO 47729 --- [           main] .u.e.s.i.ImagenControllerWebTestClientIT : Starting ImagenControllerWebTestClientIT using Java 25.0.2 with PID 47729 (started by juan in /home/juan/Documents/Malaga/IPS/labs/CICD/P6/Practica6Alumnos/Practica6Alumnos)
2026-04-29T16:58:05.560+02:00  INFO 47729 --- [           main] .u.e.s.i.ImagenControllerWebTestClientIT : No active profile set, falling back to 1 default profile: "default"
2026-04-29T16:58:05.621+02:00  INFO 47729 --- [           main] .s.d.r.c.RepositoryConfigurationDelegate : Bootstrapping Spring Data JPA repositories in DEFAULT mode.
2026-04-29T16:58:05.625+02:00  INFO 47729 --- [           main] .s.d.r.c.RepositoryConfigurationDelegate : Finished Spring Data repository scanning in 3 ms. Found 4 JPA repository interfaces.
2026-04-29T16:58:05.657+02:00  INFO 47729 --- [           main] o.s.b.w.embedded.tomcat.TomcatWebServer  : Tomcat initialized with port 0 (http)
2026-04-29T16:58:05.658+02:00  INFO 47729 --- [           main] o.apache.catalina.core.StandardService   : Starting service [Tomcat]
2026-04-29T16:58:05.658+02:00  INFO 47729 --- [           main] o.apache.catalina.core.StandardEngine    : Starting Servlet engine: [Apache Tomcat/10.1.20]
2026-04-29T16:58:05.664+02:00  INFO 47729 --- [           main] o.a.c.c.C.[Tomcat].[localhost].[/]       : Initializing Spring embedded WebApplicationContext
2026-04-29T16:58:05.665+02:00  INFO 47729 --- [           main] w.s.c.ServletWebServerApplicationContext : Root WebApplicationContext: initialization completed in 105 ms
Standard Commons Logging discovery in action with spring-jcl: please remove commons-logging.jar from classpath in order to avoid potential conflicts
2026-04-29T16:58:05.684+02:00  INFO 47729 --- [           main] o.hibernate.jpa.internal.util.LogHelper  : HHH000204: Processing PersistenceUnitInfo [name: default]
2026-04-29T16:58:05.684+02:00  INFO 47729 --- [           main] o.h.c.internal.RegionFactoryInitiator    : HHH000026: Second-level cache disabled
2026-04-29T16:58:05.686+02:00  INFO 47729 --- [           main] o.s.o.j.p.SpringPersistenceUnitInfo      : No LoadTimeWeaver setup: ignoring JPA class transformer
2026-04-29T16:58:05.687+02:00  INFO 47729 --- [           main] com.zaxxer.hikari.HikariDataSource       : HikariPool-15 - Starting...
2026-04-29T16:58:05.688+02:00  INFO 47729 --- [           main] com.zaxxer.hikari.pool.HikariPool        : HikariPool-15 - Added connection conn140: url=jdbc:h2:mem:test_db user=TEST
2026-04-29T16:58:05.688+02:00  INFO 47729 --- [           main] com.zaxxer.hikari.HikariDataSource       : HikariPool-15 - Start completed.
2026-04-29T16:58:05.727+02:00  INFO 47729 --- [           main] o.h.e.t.j.p.i.JtaPlatformInitiator       : HHH000489: No JTA platform available (set 'hibernate.transaction.jta.platform' to enable JTA platform integration)
2026-04-29T16:58:05.734+02:00  INFO 47729 --- [           main] j.LocalContainerEntityManagerFactoryBean : Initialized JPA EntityManagerFactory for persistence unit 'default'
2026-04-29T16:58:05.778+02:00  WARN 47729 --- [           main] JpaBaseConfiguration$JpaWebConfiguration : spring.jpa.open-in-view is enabled by default. Therefore, database queries may be performed during view rendering. Explicitly configure spring.jpa.open-in-view to disable this warning
2026-04-29T16:58:05.808+02:00  WARN 47729 --- [           main] ion$DefaultTemplateResolverConfiguration : Cannot find template location: classpath:/templates/ (please add some templates, check your Thymeleaf configuration, or set spring.thymeleaf.check-template-location=false)
2026-04-29T16:58:05.832+02:00  INFO 47729 --- [           main] o.a.c.c.C.[Tomcat].[localhost].[/]       : Initializing Spring TestDispatcherServlet ''
2026-04-29T16:58:05.832+02:00  INFO 47729 --- [           main] o.s.t.web.servlet.TestDispatcherServlet  : Initializing Servlet ''
2026-04-29T16:58:05.833+02:00  INFO 47729 --- [           main] o.s.t.web.servlet.TestDispatcherServlet  : Completed initialization in 1 ms
2026-04-29T16:58:05.845+02:00  INFO 47729 --- [           main] o.s.b.w.embedded.tomcat.TomcatWebServer  : Tomcat started on port 35791 (http) with context path ''
2026-04-29T16:58:05.847+02:00  INFO 47729 --- [           main] .u.e.s.i.ImagenControllerWebTestClientIT : Started ImagenControllerWebTestClientIT in 0.298 seconds (process running for 19.416)
2026-04-29T16:58:05.855+02:00  INFO 47729 --- [-auto-14-exec-1] o.a.c.c.C.[Tomcat].[localhost].[/]       : Initializing Spring DispatcherServlet 'dispatcherServlet'
2026-04-29T16:58:05.855+02:00  INFO 47729 --- [-auto-14-exec-1] o.s.web.servlet.DispatcherServlet        : Initializing Servlet 'dispatcherServlet'
2026-04-29T16:58:05.855+02:00  INFO 47729 --- [-auto-14-exec-1] o.s.web.servlet.DispatcherServlet        : Completed initialization in 0 ms
2026-04-29T16:58:07.926+02:00  INFO 47729 --- [           main] j.LocalContainerEntityManagerFactoryBean : Closing JPA EntityManagerFactory for persistence unit 'default'
2026-04-29T16:58:07.927+02:00  INFO 47729 --- [           main] com.zaxxer.hikari.HikariDataSource       : HikariPool-15 - Shutdown initiated...
2026-04-29T16:58:07.928+02:00  INFO 47729 --- [           main] com.zaxxer.hikari.HikariDataSource       : HikariPool-15 - Shutdown completed.
]]></system-out>
  </testcase>
  <testcase name="subirImagen_yRealizarPrediccion" classname="com.uma.example.springuma.integration.ImagenControllerWebTestClientIT" time="2.352">
    <system-out><![CDATA[2026-04-29T16:58:07.932+02:00  INFO 47729 --- [           main] o.s.b.d.r.RestartApplicationListener     : Restart disabled due to context in which it is running

  .   ____          _            __ _ _
 /\\ / ___'_ __ _ _(_)_ __  __ _ \ \ \ \
( ( )\___ | '_ | '_| | '_ \/ _` | \ \ \ \
 \\/  ___)| |_)| | | | | || (_| |  ) ) ) )
  '  |____| .__|_| |_|_| |_\__, | / / / /
 =========|_|==============|___/=/_/_/_/
 :: Spring Boot ::                (v3.2.5)

2026-04-29T16:58:07.942+02:00  INFO 47729 --- [           main] .u.e.s.i.ImagenControllerWebTestClientIT : Starting ImagenControllerWebTestClientIT using Java 25.0.2 with PID 47729 (started by juan in /home/juan/Documents/Malaga/IPS/labs/CICD/P6/Practica6Alumnos/Practica6Alumnos)
2026-04-29T16:58:07.942+02:00  INFO 47729 --- [           main] .u.e.s.i.ImagenControllerWebTestClientIT : No active profile set, falling back to 1 default profile: "default"
2026-04-29T16:58:08.004+02:00  INFO 47729 --- [           main] .s.d.r.c.RepositoryConfigurationDelegate : Bootstrapping Spring Data JPA repositories in DEFAULT mode.
2026-04-29T16:58:08.008+02:00  INFO 47729 --- [           main] .s.d.r.c.RepositoryConfigurationDelegate : Finished Spring Data repository scanning in 3 ms. Found 4 JPA repository interfaces.
2026-04-29T16:58:08.040+02:00  INFO 47729 --- [           main] o.s.b.w.embedded.tomcat.TomcatWebServer  : Tomcat initialized with port 0 (http)
2026-04-29T16:58:08.041+02:00  INFO 47729 --- [           main] o.apache.catalina.core.StandardService   : Starting service [Tomcat]
2026-04-29T16:58:08.041+02:00  INFO 47729 --- [           main] o.apache.catalina.core.StandardEngine    : Starting Servlet engine: [Apache Tomcat/10.1.20]
2026-04-29T16:58:08.048+02:00  INFO 47729 --- [           main] o.a.c.c.C.[Tomcat].[localhost].[/]       : Initializing Spring embedded WebApplicationContext
2026-04-29T16:58:08.048+02:00  INFO 47729 --- [           main] w.s.c.ServletWebServerApplicationContext : Root WebApplicationContext: initialization completed in 105 ms
Standard Commons Logging discovery in action with spring-jcl: please remove commons-logging.jar from classpath in order to avoid potential conflicts
2026-04-29T16:58:08.064+02:00  INFO 47729 --- [           main] o.hibernate.jpa.internal.util.LogHelper  : HHH000204: Processing PersistenceUnitInfo [name: default]
2026-04-29T16:58:08.065+02:00  INFO 47729 --- [           main] o.h.c.internal.RegionFactoryInitiator    : HHH000026: Second-level cache disabled
2026-04-29T16:58:08.067+02:00  INFO 47729 --- [           main] o.s.o.j.p.SpringPersistenceUnitInfo      : No LoadTimeWeaver setup: ignoring JPA class transformer
2026-04-29T16:58:08.067+02:00  INFO 47729 --- [           main] com.zaxxer.hikari.HikariDataSource       : HikariPool-16 - Starting...
2026-04-29T16:58:08.068+02:00  INFO 47729 --- [           main] com.zaxxer.hikari.pool.HikariPool        : HikariPool-16 - Added connection conn150: url=jdbc:h2:mem:test_db user=TEST
2026-04-29T16:58:08.068+02:00  INFO 47729 --- [           main] com.zaxxer.hikari.HikariDataSource       : HikariPool-16 - Start completed.
2026-04-29T16:58:08.103+02:00  INFO 47729 --- [           main] o.h.e.t.j.p.i.JtaPlatformInitiator       : HHH000489: No JTA platform available (set 'hibernate.transaction.jta.platform' to enable JTA platform integration)
2026-04-29T16:58:08.109+02:00  INFO 47729 --- [           main] j.LocalContainerEntityManagerFactoryBean : Initialized JPA EntityManagerFactory for persistence unit 'default'
2026-04-29T16:58:08.154+02:00  WARN 47729 --- [           main] JpaBaseConfiguration$JpaWebConfiguration : spring.jpa.open-in-view is enabled by default. Therefore, database queries may be performed during view rendering. Explicitly configure spring.jpa.open-in-view to disable this warning
2026-04-29T16:58:08.180+02:00  WARN 47729 --- [           main] ion$DefaultTemplateResolverConfiguration : Cannot find template location: classpath:/templates/ (please add some templates, check your Thymeleaf configuration, or set spring.thymeleaf.check-template-location=false)
2026-04-29T16:58:08.204+02:00  INFO 47729 --- [           main] o.a.c.c.C.[Tomcat].[localhost].[/]       : Initializing Spring TestDispatcherServlet ''
2026-04-29T16:58:08.204+02:00  INFO 47729 --- [           main] o.s.t.web.servlet.TestDispatcherServlet  : Initializing Servlet ''
2026-04-29T16:58:08.205+02:00  INFO 47729 --- [           main] o.s.t.web.servlet.TestDispatcherServlet  : Completed initialization in 1 ms
2026-04-29T16:58:08.212+02:00  INFO 47729 --- [           main] o.s.b.w.embedded.tomcat.TomcatWebServer  : Tomcat started on port 40183 (http) with context path ''
2026-04-29T16:58:08.214+02:00  INFO 47729 --- [           main] .u.e.s.i.ImagenControllerWebTestClientIT : Started ImagenControllerWebTestClientIT in 0.283 seconds (process running for 21.783)
2026-04-29T16:58:08.222+02:00  INFO 47729 --- [-auto-15-exec-1] o.a.c.c.C.[Tomcat].[localhost].[/]       : Initializing Spring DispatcherServlet 'dispatcherServlet'
2026-04-29T16:58:08.222+02:00  INFO 47729 --- [-auto-15-exec-1] o.s.web.servlet.DispatcherServlet        : Initializing Servlet 'dispatcherServlet'
2026-04-29T16:58:08.223+02:00  INFO 47729 --- [-auto-15-exec-1] o.s.web.servlet.DispatcherServlet        : Completed initialization in 1 ms
2026-04-29T16:58:10.277+02:00  INFO 47729 --- [           main] j.LocalContainerEntityManagerFactoryBean : Closing JPA EntityManagerFactory for persistence unit 'default'
2026-04-29T16:58:10.279+02:00  INFO 47729 --- [           main] com.zaxxer.hikari.HikariDataSource       : HikariPool-16 - Shutdown initiated...
2026-04-29T16:58:10.280+02:00  INFO 47729 --- [           main] com.zaxxer.hikari.HikariDataSource       : HikariPool-16 - Shutdown completed.
]]></system-out>
  </testcase>
  <testcase name="subirImagen_yObtenerPorPaciente" classname="com.uma.example.springuma.integration.ImagenControllerWebTestClientIT" time="2.349">
    <system-out><![CDATA[2026-04-29T16:58:10.285+02:00  INFO 47729 --- [           main] o.s.b.d.r.RestartApplicationListener     : Restart disabled due to context in which it is running

  .   ____          _            __ _ _
 /\\ / ___'_ __ _ _(_)_ __  __ _ \ \ \ \
( ( )\___ | '_ | '_| | '_ \/ _` | \ \ \ \
 \\/  ___)| |_)| | | | | || (_| |  ) ) ) )
  '  |____| .__|_| |_|_| |_\__, | / / / /
 =========|_|==============|___/=/_/_/_/
 :: Spring Boot ::                (v3.2.5)

2026-04-29T16:58:10.295+02:00  INFO 47729 --- [           main] .u.e.s.i.ImagenControllerWebTestClientIT : Starting ImagenControllerWebTestClientIT using Java 25.0.2 with PID 47729 (started by juan in /home/juan/Documents/Malaga/IPS/labs/CICD/P6/Practica6Alumnos/Practica6Alumnos)
2026-04-29T16:58:10.295+02:00  INFO 47729 --- [           main] .u.e.s.i.ImagenControllerWebTestClientIT : No active profile set, falling back to 1 default profile: "default"
2026-04-29T16:58:10.358+02:00  INFO 47729 --- [           main] .s.d.r.c.RepositoryConfigurationDelegate : Bootstrapping Spring Data JPA repositories in DEFAULT mode.
2026-04-29T16:58:10.361+02:00  INFO 47729 --- [           main] .s.d.r.c.RepositoryConfigurationDelegate : Finished Spring Data repository scanning in 3 ms. Found 4 JPA repository interfaces.
2026-04-29T16:58:10.391+02:00  INFO 47729 --- [           main] o.s.b.w.embedded.tomcat.TomcatWebServer  : Tomcat initialized with port 0 (http)
2026-04-29T16:58:10.392+02:00  INFO 47729 --- [           main] o.apache.catalina.core.StandardService   : Starting service [Tomcat]
2026-04-29T16:58:10.392+02:00  INFO 47729 --- [           main] o.apache.catalina.core.StandardEngine    : Starting Servlet engine: [Apache Tomcat/10.1.20]
2026-04-29T16:58:10.398+02:00  INFO 47729 --- [           main] o.a.c.c.C.[Tomcat].[localhost].[/]       : Initializing Spring embedded WebApplicationContext
2026-04-29T16:58:10.398+02:00  INFO 47729 --- [           main] w.s.c.ServletWebServerApplicationContext : Root WebApplicationContext: initialization completed in 102 ms
Standard Commons Logging discovery in action with spring-jcl: please remove commons-logging.jar from classpath in order to avoid potential conflicts
2026-04-29T16:58:10.415+02:00  INFO 47729 --- [           main] o.hibernate.jpa.internal.util.LogHelper  : HHH000204: Processing PersistenceUnitInfo [name: default]
2026-04-29T16:58:10.416+02:00  INFO 47729 --- [           main] o.h.c.internal.RegionFactoryInitiator    : HHH000026: Second-level cache disabled
2026-04-29T16:58:10.418+02:00  INFO 47729 --- [           main] o.s.o.j.p.SpringPersistenceUnitInfo      : No LoadTimeWeaver setup: ignoring JPA class transformer
2026-04-29T16:58:10.419+02:00  INFO 47729 --- [           main] com.zaxxer.hikari.HikariDataSource       : HikariPool-17 - Starting...
2026-04-29T16:58:10.419+02:00  INFO 47729 --- [           main] com.zaxxer.hikari.pool.HikariPool        : HikariPool-17 - Added connection conn160: url=jdbc:h2:mem:test_db user=TEST
2026-04-29T16:58:10.419+02:00  INFO 47729 --- [           main] com.zaxxer.hikari.HikariDataSource       : HikariPool-17 - Start completed.
2026-04-29T16:58:10.454+02:00  INFO 47729 --- [           main] o.h.e.t.j.p.i.JtaPlatformInitiator       : HHH000489: No JTA platform available (set 'hibernate.transaction.jta.platform' to enable JTA platform integration)
2026-04-29T16:58:10.460+02:00  INFO 47729 --- [           main] j.LocalContainerEntityManagerFactoryBean : Initialized JPA EntityManagerFactory for persistence unit 'default'
2026-04-29T16:58:10.503+02:00  WARN 47729 --- [           main] JpaBaseConfiguration$JpaWebConfiguration : spring.jpa.open-in-view is enabled by default. Therefore, database queries may be performed during view rendering. Explicitly configure spring.jpa.open-in-view to disable this warning
2026-04-29T16:58:10.534+02:00  WARN 47729 --- [           main] ion$DefaultTemplateResolverConfiguration : Cannot find template location: classpath:/templates/ (please add some templates, check your Thymeleaf configuration, or set spring.thymeleaf.check-template-location=false)
2026-04-29T16:58:10.558+02:00  INFO 47729 --- [           main] o.a.c.c.C.[Tomcat].[localhost].[/]       : Initializing Spring TestDispatcherServlet ''
2026-04-29T16:58:10.558+02:00  INFO 47729 --- [           main] o.s.t.web.servlet.TestDispatcherServlet  : Initializing Servlet ''
2026-04-29T16:58:10.558+02:00  INFO 47729 --- [           main] o.s.t.web.servlet.TestDispatcherServlet  : Completed initialization in 0 ms
2026-04-29T16:58:10.565+02:00  INFO 47729 --- [           main] o.s.b.w.embedded.tomcat.TomcatWebServer  : Tomcat started on port 46333 (http) with context path ''
2026-04-29T16:58:10.567+02:00  INFO 47729 --- [           main] .u.e.s.i.ImagenControllerWebTestClientIT : Started ImagenControllerWebTestClientIT in 0.282 seconds (process running for 24.136)
2026-04-29T16:58:10.575+02:00  INFO 47729 --- [-auto-16-exec-1] o.a.c.c.C.[Tomcat].[localhost].[/]       : Initializing Spring DispatcherServlet 'dispatcherServlet'
2026-04-29T16:58:10.575+02:00  INFO 47729 --- [-auto-16-exec-1] o.s.web.servlet.DispatcherServlet        : Initializing Servlet 'dispatcherServlet'
2026-04-29T16:58:10.576+02:00  INFO 47729 --- [-auto-16-exec-1] o.s.web.servlet.DispatcherServlet        : Completed initialization in 1 ms
2026-04-29T16:58:12.627+02:00  INFO 47729 --- [           main] j.LocalContainerEntityManagerFactoryBean : Closing JPA EntityManagerFactory for persistence unit 'default'
2026-04-29T16:58:12.629+02:00  INFO 47729 --- [           main] com.zaxxer.hikari.HikariDataSource       : HikariPool-17 - Shutdown initiated...
2026-04-29T16:58:12.630+02:00  INFO 47729 --- [           main] com.zaxxer.hikari.HikariDataSource       : HikariPool-17 - Shutdown completed.
]]></system-out>
  </testcase>
  <testcase name="subirImagen_yObtenerInfo" classname="com.uma.example.springuma.integration.ImagenControllerWebTestClientIT" time="2.341">
    <system-out><![CDATA[2026-04-29T16:58:12.634+02:00  INFO 47729 --- [           main] o.s.b.d.r.RestartApplicationListener     : Restart disabled due to context in which it is running

  .   ____          _            __ _ _
 /\\ / ___'_ __ _ _(_)_ __  __ _ \ \ \ \
( ( )\___ | '_ | '_| | '_ \/ _` | \ \ \ \
 \\/  ___)| |_)| | | | | || (_| |  ) ) ) )
  '  |____| .__|_| |_|_| |_\__, | / / / /
 =========|_|==============|___/=/_/_/_/
 :: Spring Boot ::                (v3.2.5)

2026-04-29T16:58:12.644+02:00  INFO 47729 --- [           main] .u.e.s.i.ImagenControllerWebTestClientIT : Starting ImagenControllerWebTestClientIT using Java 25.0.2 with PID 47729 (started by juan in /home/juan/Documents/Malaga/IPS/labs/CICD/P6/Practica6Alumnos/Practica6Alumnos)
2026-04-29T16:58:12.644+02:00  INFO 47729 --- [           main] .u.e.s.i.ImagenControllerWebTestClientIT : No active profile set, falling back to 1 default profile: "default"
2026-04-29T16:58:12.702+02:00  INFO 47729 --- [           main] .s.d.r.c.RepositoryConfigurationDelegate : Bootstrapping Spring Data JPA repositories in DEFAULT mode.
2026-04-29T16:58:12.705+02:00  INFO 47729 --- [           main] .s.d.r.c.RepositoryConfigurationDelegate : Finished Spring Data repository scanning in 3 ms. Found 4 JPA repository interfaces.
2026-04-29T16:58:12.741+02:00  INFO 47729 --- [           main] o.s.b.w.embedded.tomcat.TomcatWebServer  : Tomcat initialized with port 0 (http)
2026-04-29T16:58:12.741+02:00  INFO 47729 --- [           main] o.apache.catalina.core.StandardService   : Starting service [Tomcat]
2026-04-29T16:58:12.741+02:00  INFO 47729 --- [           main] o.apache.catalina.core.StandardEngine    : Starting Servlet engine: [Apache Tomcat/10.1.20]
2026-04-29T16:58:12.748+02:00  INFO 47729 --- [           main] o.a.c.c.C.[Tomcat].[localhost].[/]       : Initializing Spring embedded WebApplicationContext
2026-04-29T16:58:12.748+02:00  INFO 47729 --- [           main] w.s.c.ServletWebServerApplicationContext : Root WebApplicationContext: initialization completed in 103 ms
Standard Commons Logging discovery in action with spring-jcl: please remove commons-logging.jar from classpath in order to avoid potential conflicts
2026-04-29T16:58:12.766+02:00  INFO 47729 --- [           main] o.hibernate.jpa.internal.util.LogHelper  : HHH000204: Processing PersistenceUnitInfo [name: default]
2026-04-29T16:58:12.767+02:00  INFO 47729 --- [           main] o.h.c.internal.RegionFactoryInitiator    : HHH000026: Second-level cache disabled
2026-04-29T16:58:12.769+02:00  INFO 47729 --- [           main] o.s.o.j.p.SpringPersistenceUnitInfo      : No LoadTimeWeaver setup: ignoring JPA class transformer
2026-04-29T16:58:12.770+02:00  INFO 47729 --- [           main] com.zaxxer.hikari.HikariDataSource       : HikariPool-18 - Starting...
2026-04-29T16:58:12.771+02:00  INFO 47729 --- [           main] com.zaxxer.hikari.pool.HikariPool        : HikariPool-18 - Added connection conn170: url=jdbc:h2:mem:test_db user=TEST
2026-04-29T16:58:12.771+02:00  INFO 47729 --- [           main] com.zaxxer.hikari.HikariDataSource       : HikariPool-18 - Start completed.
2026-04-29T16:58:12.808+02:00  INFO 47729 --- [           main] o.h.e.t.j.p.i.JtaPlatformInitiator       : HHH000489: No JTA platform available (set 'hibernate.transaction.jta.platform' to enable JTA platform integration)
2026-04-29T16:58:12.814+02:00  INFO 47729 --- [           main] j.LocalContainerEntityManagerFactoryBean : Initialized JPA EntityManagerFactory for persistence unit 'default'
2026-04-29T16:58:12.858+02:00  WARN 47729 --- [           main] JpaBaseConfiguration$JpaWebConfiguration : spring.jpa.open-in-view is enabled by default. Therefore, database queries may be performed during view rendering. Explicitly configure spring.jpa.open-in-view to disable this warning
2026-04-29T16:58:12.884+02:00  WARN 47729 --- [           main] ion$DefaultTemplateResolverConfiguration : Cannot find template location: classpath:/templates/ (please add some templates, check your Thymeleaf configuration, or set spring.thymeleaf.check-template-location=false)
2026-04-29T16:58:12.902+02:00  INFO 47729 --- [           main] o.a.c.c.C.[Tomcat].[localhost].[/]       : Initializing Spring TestDispatcherServlet ''
2026-04-29T16:58:12.902+02:00  INFO 47729 --- [           main] o.s.t.web.servlet.TestDispatcherServlet  : Initializing Servlet ''
2026-04-29T16:58:12.902+02:00  INFO 47729 --- [           main] o.s.t.web.servlet.TestDispatcherServlet  : Completed initialization in 0 ms
2026-04-29T16:58:12.909+02:00  INFO 47729 --- [           main] o.s.b.w.embedded.tomcat.TomcatWebServer  : Tomcat started on port 39223 (http) with context path ''
2026-04-29T16:58:12.910+02:00  INFO 47729 --- [           main] .u.e.s.i.ImagenControllerWebTestClientIT : Started ImagenControllerWebTestClientIT in 0.276 seconds (process running for 26.48)
2026-04-29T16:58:12.918+02:00  INFO 47729 --- [-auto-17-exec-1] o.a.c.c.C.[Tomcat].[localhost].[/]       : Initializing Spring DispatcherServlet 'dispatcherServlet'
2026-04-29T16:58:12.918+02:00  INFO 47729 --- [-auto-17-exec-1] o.s.web.servlet.DispatcherServlet        : Initializing Servlet 'dispatcherServlet'
2026-04-29T16:58:12.919+02:00  INFO 47729 --- [-auto-17-exec-1] o.s.web.servlet.DispatcherServlet        : Completed initialization in 1 ms
2026-04-29T16:58:14.969+02:00  INFO 47729 --- [           main] j.LocalContainerEntityManagerFactoryBean : Closing JPA EntityManagerFactory for persistence unit 'default'
2026-04-29T16:58:14.971+02:00  INFO 47729 --- [           main] com.zaxxer.hikari.HikariDataSource       : HikariPool-18 - Shutdown initiated...
2026-04-29T16:58:14.971+02:00  INFO 47729 --- [           main] com.zaxxer.hikari.HikariDataSource       : HikariPool-18 - Shutdown completed.
]]></system-out>
  </testcase>
</testsuite>