<?xml version="1.0" encoding="UTF-8"?>
<testsuite xmlns:xsi="http://www.w3.org/2001/XMLSchema-instance" xsi:noNamespaceSchemaLocation="https://maven.apache.org/surefire/maven-surefire-plugin/xsd/surefire-test-report-3.0.xsd" version="3.0" name="com.uma.example.springuma.integration.InformeControllerWebTestClientIT" time="11.751" tests="5" errors="0" skipped="0" failures="0">
  <properties>
[...]
</properties>
  <testcase name="crearInforme_yRecuperarPorImagen" classname="com.uma.example.springuma.integration.InformeControllerWebTestClientIT" time="2.077">
    <system-out><![CDATA[2026-04-29T16:58:14.976+02:00  INFO 47729 --- [           main] t.c.s.AnnotationConfigContextLoaderUtils : Could not detect default configuration classes for test class [com.uma.example.springuma.integration.InformeControllerWebTestClientIT]: InformeControllerWebTestClientIT does not declare any static, non-private, non-final, nested classes annotated with @Configuration.
2026-04-29T16:58:14.978+02:00  INFO 47729 --- [           main] .b.t.c.SpringBootTestContextBootstrapper : Found @SpringBootConfiguration com.uma.example.springuma.SpringumaApplication for test class com.uma.example.springuma.integration.InformeControllerWebTestClientIT
2026-04-29T16:58:14.980+02:00  INFO 47729 --- [           main] o.s.b.d.r.RestartApplicationListener     : Restart disabled due to context in which it is running

  .   ____          _            __ _ _
 /\\ / ___'_ __ _ _(_)_ __  __ _ \ \ \ \
( ( )\___ | '_ | '_| | '_ \/ _` | \ \ \ \
 \\/  ___)| |_)| | | | | || (_| |  ) ) ) )
  '  |____| .__|_| |_|_| |_\__, | / / / /
 =========|_|==============|___/=/_/_/_/
 :: Spring Boot ::                (v3.2.5)

2026-04-29T16:58:14.989+02:00  INFO 47729 --- [           main] u.e.s.i.InformeControllerWebTestClientIT : Starting InformeControllerWebTestClientIT using Java 25.0.2 with PID 47729 (started by juan in /home/juan/Documents/Malaga/IPS/labs/CICD/P6/Practica6Alumnos/Practica6Alumnos)
2026-04-29T16:58:14.989+02:00  INFO 47729 --- [           main] u.e.s.i.InformeControllerWebTestClientIT : No active profile set, falling back to 1 default profile: "default"
2026-04-29T16:58:15.047+02:00  INFO 47729 --- [           main] .s.d.r.c.RepositoryConfigurationDelegate : Bootstrapping Spring Data JPA repositories in DEFAULT mode.
2026-04-29T16:58:15.050+02:00  INFO 47729 --- [           main] .s.d.r.c.RepositoryConfigurationDelegate : Finished Spring Data repository scanning in 3 ms. Found 4 JPA repository interfaces.
2026-04-29T16:58:15.088+02:00  INFO 47729 --- [           main] o.s.b.w.embedded.tomcat.TomcatWebServer  : Tomcat initialized with port 0 (http)
2026-04-29T16:58:15.089+02:00  INFO 47729 --- [           main] o.apache.catalina.core.StandardService   : Starting service [Tomcat]
2026-04-29T16:58:15.089+02:00  INFO 47729 --- [           main] o.apache.catalina.core.StandardEngine    : Starting Servlet engine: [Apache Tomcat/10.1.20]
2026-04-29T16:58:15.096+02:00  INFO 47729 --- [           main] o.a.c.c.C.[Tomcat].[localhost].[/]       : Initializing Spring embedded WebApplicationContext
2026-04-29T16:58:15.096+02:00  INFO 47729 --- [           main] w.s.c.ServletWebServerApplicationContext : Root WebApplicationContext: initialization completed in 106 ms
Standard Commons Logging discovery in action with spring-jcl: please remove commons-logging.jar from classpath in order to avoid potential conflicts
2026-04-29T16:58:15.113+02:00  INFO 47729 --- [           main] o.hibernate.jpa.internal.util.LogHelper  : HHH000204: Processing PersistenceUnitInfo [name: default]
2026-04-29T16:58:15.114+02:00  INFO 47729 --- [           main] o.h.c.internal.RegionFactoryInitiator    : HHH000026: Second-level cache disabled
2026-04-29T16:58:15.116+02:00  INFO 47729 --- [           main] o.s.o.j.p.SpringPersistenceUnitInfo      : No LoadTimeWeaver setup: ignoring JPA class transformer
2026-04-29T16:58:15.116+02:00  INFO 47729 --- [           main] com.zaxxer.hikari.HikariDataSource       : HikariPool-19 - Starting...
2026-04-29T16:58:15.117+02:00  INFO 47729 --- [           main] com.zaxxer.hikari.pool.HikariPool        : HikariPool-19 - Added connection conn180: url=jdbc:h2:mem:test_db user=TEST
2026-04-29T16:58:15.117+02:00  INFO 47729 --- [           main] com.zaxxer.hikari.HikariDataSource       : HikariPool-19 - Start completed.
2026-04-29T16:58:15.157+02:00  INFO 47729 --- [           main] o.h.e.t.j.p.i.JtaPlatformInitiator       : HHH000489: No JTA platform available (set 'hibernate.transaction.jta.platform' to enable JTA platform integration)
2026-04-29T16:58:15.162+02:00  INFO 47729 --- [           main] j.LocalContainerEntityManagerFactoryBean : Initialized JPA EntityManagerFactory for persistence unit 'default'
2026-04-29T16:58:15.207+02:00  WARN 47729 --- [           main] JpaBaseConfiguration$JpaWebConfiguration : spring.jpa.open-in-view is enabled by default. Therefore, database queries may be performed during view rendering. Explicitly configure spring.jpa.open-in-view to disable this warning
2026-04-29T16:58:15.231+02:00  WARN 47729 --- [           main] ion$DefaultTemplateResolverConfiguration : Cannot find template location: classpath:/templates/ (please add some templates, check your Thymeleaf configuration, or set spring.thymeleaf.check-template-location=false)
2026-04-29T16:58:15.253+02:00  INFO 47729 --- [           main] o.a.c.c.C.[Tomcat].[localhost].[/]       : Initializing Spring TestDispatcherServlet ''
2026-04-29T16:58:15.254+02:00  INFO 47729 --- [           main] o.s.t.web.servlet.TestDispatcherServlet  : Initializing Servlet ''
2026-04-29T16:58:15.254+02:00  INFO 47729 --- [           main] o.s.t.web.servlet.TestDispatcherServlet  : Completed initialization in 0 ms
2026-04-29T16:58:15.261+02:00  INFO 47729 --- [           main] o.s.b.w.embedded.tomcat.TomcatWebServer  : Tomcat started on port 36193 (http) with context path ''
2026-04-29T16:58:15.263+02:00  INFO 47729 --- [           main] u.e.s.i.InformeControllerWebTestClientIT : Started InformeControllerWebTestClientIT in 0.283 seconds (process running for 28.832)
2026-04-29T16:58:15.271+02:00  INFO 47729 --- [-auto-18-exec-1] o.a.c.c.C.[Tomcat].[localhost].[/]       : Initializing Spring DispatcherServlet 'dispatcherServlet'
2026-04-29T16:58:15.272+02:00  INFO 47729 --- [-auto-18-exec-1] o.s.web.servlet.DispatcherServlet        : Initializing Servlet 'dispatcherServlet'
2026-04-29T16:58:15.272+02:00  INFO 47729 --- [-auto-18-exec-1] o.s.web.servlet.DispatcherServlet        : Completed initialization in 0 ms
{"status": "Not cancer",  "score": 0.5008646309682405}
2026-04-29T16:58:17.336+02:00  INFO 47729 --- [           main] j.LocalContainerEntityManagerFactoryBean : Closing JPA EntityManagerFactory for persistence unit 'default'
2026-04-29T16:58:17.338+02:00  INFO 47729 --- [           main] com.zaxxer.hikari.HikariDataSource       : HikariPool-19 - Shutdown initiated...
2026-04-29T16:58:17.339+02:00  INFO 47729 --- [           main] com.zaxxer.hikari.HikariDataSource       : HikariPool-19 - Shutdown completed.
]]></system-out>
  </testcase>
  <testcase name="crearInforme_verificarPrediccionAleatoria" classname="com.uma.example.springuma.integration.InformeControllerWebTestClientIT" time="2.332">
    <system-out><![CDATA[2026-04-29T16:58:17.343+02:00  INFO 47729 --- [           main] o.s.b.d.r.RestartApplicationListener     : Restart disabled due to context in which it is running

  .   ____          _            __ _ _
 /\\ / ___'_ __ _ _(_)_ __  __ _ \ \ \ \
( ( )\___ | '_ | '_| | '_ \/ _` | \ \ \ \
 \\/  ___)| |_)| | | | | || (_| |  ) ) ) )
  '  |____| .__|_| |_|_| |_\__, | / / / /
 =========|_|==============|___/=/_/_/_/
 :: Spring Boot ::                (v3.2.5)

2026-04-29T16:58:17.353+02:00  INFO 47729 --- [           main] u.e.s.i.InformeControllerWebTestClientIT : Starting InformeControllerWebTestClientIT using Java 25.0.2 with PID 47729 (started by juan in /home/juan/Documents/Malaga/IPS/labs/CICD/P6/Practica6Alumnos/Practica6Alumnos)
2026-04-29T16:58:17.353+02:00  INFO 47729 --- [           main] u.e.s.i.InformeControllerWebTestClientIT : No active profile set, falling back to 1 default profile: "default"
2026-04-29T16:58:17.410+02:00  INFO 47729 --- [           main] .s.d.r.c.RepositoryConfigurationDelegate : Bootstrapping Spring Data JPA repositories in DEFAULT mode.
2026-04-29T16:58:17.413+02:00  INFO 47729 --- [           main] .s.d.r.c.RepositoryConfigurationDelegate : Finished Spring Data repository scanning in 3 ms. Found 4 JPA repository interfaces.
2026-04-29T16:58:17.443+02:00  INFO 47729 --- [           main] o.s.b.w.embedded.tomcat.TomcatWebServer  : Tomcat initialized with port 0 (http)
2026-04-29T16:58:17.444+02:00  INFO 47729 --- [           main] o.apache.catalina.core.StandardService   : Starting service [Tomcat]
2026-04-29T16:58:17.444+02:00  INFO 47729 --- [           main] o.apache.catalina.core.StandardEngine    : Starting Servlet engine: [Apache Tomcat/10.1.20]
2026-04-29T16:58:17.450+02:00  INFO 47729 --- [           main] o.a.c.c.C.[Tomcat].[localhost].[/]       : Initializing Spring embedded WebApplicationContext
2026-04-29T16:58:17.450+02:00  INFO 47729 --- [           main] w.s.c.ServletWebServerApplicationContext : Root WebApplicationContext: initialization completed in 97 ms
Standard Commons Logging discovery in action with spring-jcl: please remove commons-logging.jar from classpath in order to avoid potential conflicts
2026-04-29T16:58:17.467+02:00  INFO 47729 --- [           main] o.hibernate.jpa.internal.util.LogHelper  : HHH000204: Processing PersistenceUnitInfo [name: default]
2026-04-29T16:58:17.468+02:00  INFO 47729 --- [           main] o.h.c.internal.RegionFactoryInitiator    : HHH000026: Second-level cache disabled
2026-04-29T16:58:17.470+02:00  INFO 47729 --- [           main] o.s.o.j.p.SpringPersistenceUnitInfo      : No LoadTimeWeaver setup: ignoring JPA class transformer
2026-04-29T16:58:17.470+02:00  INFO 47729 --- [           main] com.zaxxer.hikari.HikariDataSource       : HikariPool-20 - Starting...
2026-04-29T16:58:17.471+02:00  INFO 47729 --- [           main] com.zaxxer.hikari.pool.HikariPool        : HikariPool-20 - Added connection conn190: url=jdbc:h2:mem:test_db user=TEST
2026-04-29T16:58:17.471+02:00  INFO 47729 --- [           main] com.zaxxer.hikari.HikariDataSource       : HikariPool-20 - Start completed.
2026-04-29T16:58:17.504+02:00  INFO 47729 --- [           main] o.h.e.t.j.p.i.JtaPlatformInitiator       : HHH000489: No JTA platform available (set 'hibernate.transaction.jta.platform' to enable JTA platform integration)
2026-04-29T16:58:17.510+02:00  INFO 47729 --- [           main] j.LocalContainerEntityManagerFactoryBean : Initialized JPA EntityManagerFactory for persistence unit 'default'
2026-04-29T16:58:17.549+02:00  WARN 47729 --- [           main] JpaBaseConfiguration$JpaWebConfiguration : spring.jpa.open-in-view is enabled by default. Therefore, database queries may be performed during view rendering. Explicitly configure spring.jpa.open-in-view to disable this warning
2026-04-29T16:58:17.578+02:00  WARN 47729 --- [           main] ion$DefaultTemplateResolverConfiguration : Cannot find template location: classpath:/templates/ (please add some templates, check your Thymeleaf configuration, or set spring.thymeleaf.check-template-location=false)
2026-04-29T16:58:17.595+02:00  INFO 47729 --- [           main] o.a.c.c.C.[Tomcat].[localhost].[/]       : Initializing Spring TestDispatcherServlet ''
2026-04-29T16:58:17.595+02:00  INFO 47729 --- [           main] o.s.t.web.servlet.TestDispatcherServlet  : Initializing Servlet ''
2026-04-29T16:58:17.596+02:00  INFO 47729 --- [           main] o.s.t.web.servlet.TestDispatcherServlet  : Completed initialization in 1 ms
2026-04-29T16:58:17.603+02:00  INFO 47729 --- [           main] o.s.b.w.embedded.tomcat.TomcatWebServer  : Tomcat started on port 44117 (http) with context path ''
2026-04-29T16:58:17.604+02:00  INFO 47729 --- [           main] u.e.s.i.InformeControllerWebTestClientIT : Started InformeControllerWebTestClientIT in 0.261 seconds (process running for 31.173)
2026-04-29T16:58:17.612+02:00  INFO 47729 --- [-auto-19-exec-1] o.a.c.c.C.[Tomcat].[localhost].[/]       : Initializing Spring DispatcherServlet 'dispatcherServlet'
2026-04-29T16:58:17.612+02:00  INFO 47729 --- [-auto-19-exec-1] o.s.web.servlet.DispatcherServlet        : Initializing Servlet 'dispatcherServlet'
2026-04-29T16:58:17.612+02:00  INFO 47729 --- [-auto-19-exec-1] o.s.web.servlet.DispatcherServlet        : Completed initialization in 0 ms
{"status": "Cancer",  "score": 0.8964655937531794}
2026-04-29T16:58:19.669+02:00  INFO 47729 --- [           main] j.LocalContainerEntityManagerFactoryBean : Closing JPA EntityManagerFactory for persistence unit 'default'
2026-04-29T16:58:19.671+02:00  INFO 47729 --- [           main] com.zaxxer.hikari.HikariDataSource       : HikariPool-20 - Shutdown initiated...
2026-04-29T16:58:19.671+02:00  INFO 47729 --- [           main] com.zaxxer.hikari.HikariDataSource       : HikariPool-20 - Shutdown completed.
]]></system-out>
  </testcase>
  <testcase name="crearInforme_yRecuperarloPorId" classname="com.uma.example.springuma.integration.InformeControllerWebTestClientIT" time="2.369">
    <system-out><![CDATA[2026-04-29T16:58:19.676+02:00  INFO 47729 --- [           main] o.s.b.d.r.RestartApplicationListener     : Restart disabled due to context in which it is running

  .   ____          _            __ _ _
 /\\ / ___'_ __ _ _(_)_ __  __ _ \ \ \ \
( ( )\___ | '_ | '_| | '_ \/ _` | \ \ \ \
 \\/  ___)| |_)| | | | | || (_| |  ) ) ) )
  '  |____| .__|_| |_|_| |_\__, | / / / /
 =========|_|==============|___/=/_/_/_/
 :: Spring Boot ::                (v3.2.5)

2026-04-29T16:58:19.686+02:00  INFO 47729 --- [           main] u.e.s.i.InformeControllerWebTestClientIT : Starting InformeControllerWebTestClientIT using Java 25.0.2 with PID 47729 (started by juan in /home/juan/Documents/Malaga/IPS/labs/CICD/P6/Practica6Alumnos/Practica6Alumnos)
2026-04-29T16:58:19.686+02:00  INFO 47729 --- [           main] u.e.s.i.InformeControllerWebTestClientIT : No active profile set, falling back to 1 default profile: "default"
2026-04-29T16:58:19.746+02:00  INFO 47729 --- [           main] .s.d.r.c.RepositoryConfigurationDelegate : Bootstrapping Spring Data JPA repositories in DEFAULT mode.
2026-04-29T16:58:19.750+02:00  INFO 47729 --- [           main] .s.d.r.c.RepositoryConfigurationDelegate : Finished Spring Data repository scanning in 3 ms. Found 4 JPA repository interfaces.
2026-04-29T16:58:19.783+02:00  INFO 47729 --- [           main] o.s.b.w.embedded.tomcat.TomcatWebServer  : Tomcat initialized with port 0 (http)
2026-04-29T16:58:19.784+02:00  INFO 47729 --- [           main] o.apache.catalina.core.StandardService   : Starting service [Tomcat]
2026-04-29T16:58:19.784+02:00  INFO 47729 --- [           main] o.apache.catalina.core.StandardEngine    : Starting Servlet engine: [Apache Tomcat/10.1.20]
2026-04-29T16:58:19.791+02:00  INFO 47729 --- [           main] o.a.c.c.C.[Tomcat].[localhost].[/]       : Initializing Spring embedded WebApplicationContext
2026-04-29T16:58:19.791+02:00  INFO 47729 --- [           main] w.s.c.ServletWebServerApplicationContext : Root WebApplicationContext: initialization completed in 104 ms
Standard Commons Logging discovery in action with spring-jcl: please remove commons-logging.jar from classpath in order to avoid potential conflicts
2026-04-29T16:58:19.808+02:00  INFO 47729 --- [           main] o.hibernate.jpa.internal.util.LogHelper  : HHH000204: Processing PersistenceUnitInfo [name: default]
2026-04-29T16:58:19.809+02:00  INFO 47729 --- [           main] o.h.c.internal.RegionFactoryInitiator    : HHH000026: Second-level cache disabled
2026-04-29T16:58:19.811+02:00  INFO 47729 --- [           main] o.s.o.j.p.SpringPersistenceUnitInfo      : No LoadTimeWeaver setup: ignoring JPA class transformer
2026-04-29T16:58:19.811+02:00  INFO 47729 --- [           main] com.zaxxer.hikari.HikariDataSource       : HikariPool-21 - Starting...
2026-04-29T16:58:19.812+02:00  INFO 47729 --- [           main] com.zaxxer.hikari.pool.HikariPool        : HikariPool-21 - Added connection conn200: url=jdbc:h2:mem:test_db user=TEST
2026-04-29T16:58:19.812+02:00  INFO 47729 --- [           main] com.zaxxer.hikari.HikariDataSource       : HikariPool-21 - Start completed.
2026-04-29T16:58:19.852+02:00  INFO 47729 --- [           main] o.h.e.t.j.p.i.JtaPlatformInitiator       : HHH000489: No JTA platform available (set 'hibernate.transaction.jta.platform' to enable JTA platform integration)
2026-04-29T16:58:19.858+02:00  INFO 47729 --- [           main] j.LocalContainerEntityManagerFactoryBean : Initialized JPA EntityManagerFactory for persistence unit 'default'
2026-04-29T16:58:19.903+02:00  WARN 47729 --- [           main] JpaBaseConfiguration$JpaWebConfiguration : spring.jpa.open-in-view is enabled by default. Therefore, database queries may be performed during view rendering. Explicitly configure spring.jpa.open-in-view to disable this warning
2026-04-29T16:58:19.932+02:00  WARN 47729 --- [           main] ion$DefaultTemplateResolverConfiguration : Cannot find template location: classpath:/templates/ (please add some templates, check your Thymeleaf configuration, or set spring.thymeleaf.check-template-location=false)
2026-04-29T16:58:19.954+02:00  INFO 47729 --- [           main] o.a.c.c.C.[Tomcat].[localhost].[/]       : Initializing Spring TestDispatcherServlet ''
2026-04-29T16:58:19.955+02:00  INFO 47729 --- [           main] o.s.t.web.servlet.TestDispatcherServlet  : Initializing Servlet ''
2026-04-29T16:58:19.955+02:00  INFO 47729 --- [           main] o.s.t.web.servlet.TestDispatcherServlet  : Completed initialization in 0 ms
2026-04-29T16:58:19.962+02:00  INFO 47729 --- [           main] o.s.b.w.embedded.tomcat.TomcatWebServer  : Tomcat started on port 42003 (http) with context path ''
2026-04-29T16:58:19.964+02:00  INFO 47729 --- [           main] u.e.s.i.InformeControllerWebTestClientIT : Started InformeControllerWebTestClientIT in 0.288 seconds (process running for 33.533)
2026-04-29T16:58:19.971+02:00  INFO 47729 --- [-auto-20-exec-1] o.a.c.c.C.[Tomcat].[localhost].[/]       : Initializing Spring DispatcherServlet 'dispatcherServlet'
2026-04-29T16:58:19.971+02:00  INFO 47729 --- [-auto-20-exec-1] o.s.web.servlet.DispatcherServlet        : Initializing Servlet 'dispatcherServlet'
2026-04-29T16:58:19.972+02:00  INFO 47729 --- [-auto-20-exec-1] o.s.web.servlet.DispatcherServlet        : Completed initialization in 1 ms
{"status": "Not cancer",  "score": 0.757546302940892}
2026-04-29T16:58:22.035+02:00  INFO 47729 --- [           main] j.LocalContainerEntityManagerFactoryBean : Closing JPA EntityManagerFactory for persistence unit 'default'
2026-04-29T16:58:22.037+02:00  INFO 47729 --- [           main] com.zaxxer.hikari.HikariDataSource       : HikariPool-21 - Shutdown initiated...
2026-04-29T16:58:22.041+02:00  INFO 47729 --- [           main] com.zaxxer.hikari.HikariDataSource       : HikariPool-21 - Shutdown completed.
]]></system-out>
  </testcase>
  <testcase name="crearVariosInformes_yRecuperarPorImagen" classname="com.uma.example.springuma.integration.InformeControllerWebTestClientIT" time="2.342">
    <system-out><![CDATA[2026-04-29T16:58:22.046+02:00  INFO 47729 --- [           main] o.s.b.d.r.RestartApplicationListener     : Restart disabled due to context in which it is running

  .   ____          _            __ _ _
 /\\ / ___'_ __ _ _(_)_ __  __ _ \ \ \ \
( ( )\___ | '_ | '_| | '_ \/ _` | \ \ \ \
 \\/  ___)| |_)| | | | | || (_| |  ) ) ) )
  '  |____| .__|_| |_|_| |_\__, | / / / /
 =========|_|==============|___/=/_/_/_/
 :: Spring Boot ::                (v3.2.5)

2026-04-29T16:58:22.055+02:00  INFO 47729 --- [           main] u.e.s.i.InformeControllerWebTestClientIT : Starting InformeControllerWebTestClientIT using Java 25.0.2 with PID 47729 (started by juan in /home/juan/Documents/Malaga/IPS/labs/CICD/P6/Practica6Alumnos/Practica6Alumnos)
2026-04-29T16:58:22.056+02:00  INFO 47729 --- [           main] u.e.s.i.InformeControllerWebTestClientIT : No active profile set, falling back to 1 default profile: "default"
2026-04-29T16:58:22.111+02:00  INFO 47729 --- [           main] .s.d.r.c.RepositoryConfigurationDelegate : Bootstrapping Spring Data JPA repositories in DEFAULT mode.
2026-04-29T16:58:22.114+02:00  INFO 47729 --- [           main] .s.d.r.c.RepositoryConfigurationDelegate : Finished Spring Data repository scanning in 3 ms. Found 4 JPA repository interfaces.
2026-04-29T16:58:22.143+02:00  INFO 47729 --- [           main] o.s.b.w.embedded.tomcat.TomcatWebServer  : Tomcat initialized with port 0 (http)
2026-04-29T16:58:22.143+02:00  INFO 47729 --- [           main] o.apache.catalina.core.StandardService   : Starting service [Tomcat]
2026-04-29T16:58:22.144+02:00  INFO 47729 --- [           main] o.apache.catalina.core.StandardEngine    : Starting Servlet engine: [Apache Tomcat/10.1.20]
2026-04-29T16:58:22.150+02:00  INFO 47729 --- [           main] o.a.c.c.C.[Tomcat].[localhost].[/]       : Initializing Spring embedded WebApplicationContext
2026-04-29T16:58:22.150+02:00  INFO 47729 --- [           main] w.s.c.ServletWebServerApplicationContext : Root WebApplicationContext: initialization completed in 94 ms
Standard Commons Logging discovery in action with spring-jcl: please remove commons-logging.jar from classpath in order to avoid potential conflicts
2026-04-29T16:58:22.166+02:00  INFO 47729 --- [           main] o.hibernate.jpa.internal.util.LogHelper  : HHH000204: Processing PersistenceUnitInfo [name: default]
2026-04-29T16:58:22.167+02:00  INFO 47729 --- [           main] o.h.c.internal.RegionFactoryInitiator    : HHH000026: Second-level cache disabled
2026-04-29T16:58:22.169+02:00  INFO 47729 --- [           main] o.s.o.j.p.SpringPersistenceUnitInfo      : No LoadTimeWeaver setup: ignoring JPA class transformer
2026-04-29T16:58:22.170+02:00  INFO 47729 --- [           main] com.zaxxer.hikari.HikariDataSource       : HikariPool-22 - Starting...
2026-04-29T16:58:22.171+02:00  INFO 47729 --- [           main] com.zaxxer.hikari.pool.HikariPool        : HikariPool-22 - Added connection conn210: url=jdbc:h2:mem:test_db user=TEST
2026-04-29T16:58:22.171+02:00  INFO 47729 --- [           main] com.zaxxer.hikari.HikariDataSource       : HikariPool-22 - Start completed.
2026-04-29T16:58:22.206+02:00  INFO 47729 --- [           main] o.h.e.t.j.p.i.JtaPlatformInitiator       : HHH000489: No JTA platform available (set 'hibernate.transaction.jta.platform' to enable JTA platform integration)
2026-04-29T16:58:22.211+02:00  INFO 47729 --- [           main] j.LocalContainerEntityManagerFactoryBean : Initialized JPA EntityManagerFactory for persistence unit 'default'
2026-04-29T16:58:22.251+02:00  WARN 47729 --- [           main] JpaBaseConfiguration$JpaWebConfiguration : spring.jpa.open-in-view is enabled by default. Therefore, database queries may be performed during view rendering. Explicitly configure spring.jpa.open-in-view to disable this warning
2026-04-29T16:58:22.278+02:00  WARN 47729 --- [           main] ion$DefaultTemplateResolverConfiguration : Cannot find template location: classpath:/templates/ (please add some templates, check your Thymeleaf configuration, or set spring.thymeleaf.check-template-location=false)
2026-04-29T16:58:22.299+02:00  INFO 47729 --- [           main] o.a.c.c.C.[Tomcat].[localhost].[/]       : Initializing Spring TestDispatcherServlet ''
2026-04-29T16:58:22.299+02:00  INFO 47729 --- [           main] o.s.t.web.servlet.TestDispatcherServlet  : Initializing Servlet ''
2026-04-29T16:58:22.300+02:00  INFO 47729 --- [           main] o.s.t.web.servlet.TestDispatcherServlet  : Completed initialization in 1 ms
2026-04-29T16:58:22.307+02:00  INFO 47729 --- [           main] o.s.b.w.embedded.tomcat.TomcatWebServer  : Tomcat started on port 43919 (http) with context path ''
2026-04-29T16:58:22.309+02:00  INFO 47729 --- [           main] u.e.s.i.InformeControllerWebTestClientIT : Started InformeControllerWebTestClientIT in 0.263 seconds (process running for 35.878)
2026-04-29T16:58:22.316+02:00  INFO 47729 --- [-auto-21-exec-2] o.a.c.c.C.[Tomcat].[localhost].[/]       : Initializing Spring DispatcherServlet 'dispatcherServlet'
2026-04-29T16:58:22.316+02:00  INFO 47729 --- [-auto-21-exec-2] o.s.web.servlet.DispatcherServlet        : Initializing Servlet 'dispatcherServlet'
2026-04-29T16:58:22.317+02:00  INFO 47729 --- [-auto-21-exec-2] o.s.web.servlet.DispatcherServlet        : Completed initialization in 1 ms
{"status": "Cancer",  "score": 0.9349964950060052}
{"status": "Cancer",  "score": 0.9309627612158038}
2026-04-29T16:58:24.381+02:00  INFO 47729 --- [           main] j.LocalContainerEntityManagerFactoryBean : Closing JPA EntityManagerFactory for persistence unit 'default'
2026-04-29T16:58:24.383+02:00  INFO 47729 --- [           main] com.zaxxer.hikari.HikariDataSource       : HikariPool-22 - Shutdown initiated...
2026-04-29T16:58:24.384+02:00  INFO 47729 --- [           main] com.zaxxer.hikari.HikariDataSource       : HikariPool-22 - Shutdown completed.
]]></system-out>
  </testcase>
  <testcase name="crearInforme_yEliminar" classname="com.uma.example.springuma.integration.InformeControllerWebTestClientIT" time="2.34">
    <system-out><![CDATA[2026-04-29T16:58:24.388+02:00  INFO 47729 --- [           main] o.s.b.d.r.RestartApplicationListener     : Restart disabled due to context in which it is running

  .   ____          _            __ _ _
 /\\ / ___'_ __ _ _(_)_ __  __ _ \ \ \ \
( ( )\___ | '_ | '_| | '_ \/ _` | \ \ \ \
 \\/  ___)| |_)| | | | | || (_| |  ) ) ) )
  '  |____| .__|_| |_|_| |_\__, | / / / /
 =========|_|==============|___/=/_/_/_/
 :: Spring Boot ::                (v3.2.5)

2026-04-29T16:58:24.398+02:00  INFO 47729 --- [           main] u.e.s.i.InformeControllerWebTestClientIT : Starting InformeControllerWebTestClientIT using Java 25.0.2 with PID 47729 (started by juan in /home/juan/Documents/Malaga/IPS/labs/CICD/P6/Practica6Alumnos/Practica6Alumnos)
2026-04-29T16:58:24.398+02:00  INFO 47729 --- [           main] u.e.s.i.InformeControllerWebTestClientIT : No active profile set, falling back to 1 default profile: "default"
2026-04-29T16:58:24.459+02:00  INFO 47729 --- [           main] .s.d.r.c.RepositoryConfigurationDelegate : Bootstrapping Spring Data JPA repositories in DEFAULT mode.
2026-04-29T16:58:24.462+02:00  INFO 47729 --- [           main] .s.d.r.c.RepositoryConfigurationDelegate : Finished Spring Data repository scanning in 3 ms. Found 4 JPA repository interfaces.
2026-04-29T16:58:24.490+02:00  INFO 47729 --- [           main] o.s.b.w.embedded.tomcat.TomcatWebServer  : Tomcat initialized with port 0 (http)
2026-04-29T16:58:24.491+02:00  INFO 47729 --- [           main] o.apache.catalina.core.StandardService   : Starting service [Tomcat]
2026-04-29T16:58:24.491+02:00  INFO 47729 --- [           main] o.apache.catalina.core.StandardEngine    : Starting Servlet engine: [Apache Tomcat/10.1.20]
2026-04-29T16:58:24.497+02:00  INFO 47729 --- [           main] o.a.c.c.C.[Tomcat].[localhost].[/]       : Initializing Spring embedded WebApplicationContext
2026-04-29T16:58:24.497+02:00  INFO 47729 --- [           main] w.s.c.ServletWebServerApplicationContext : Root WebApplicationContext: initialization completed in 98 ms
Standard Commons Logging discovery in action with spring-jcl: please remove commons-logging.jar from classpath in order to avoid potential conflicts
2026-04-29T16:58:24.512+02:00  INFO 47729 --- [           main] o.hibernate.jpa.internal.util.LogHelper  : HHH000204: Processing PersistenceUnitInfo [name: default]
2026-04-29T16:58:24.513+02:00  INFO 47729 --- [           main] o.h.c.internal.RegionFactoryInitiator    : HHH000026: Second-level cache disabled
2026-04-29T16:58:24.515+02:00  INFO 47729 --- [           main] o.s.o.j.p.SpringPersistenceUnitInfo      : No LoadTimeWeaver setup: ignoring JPA class transformer
2026-04-29T16:58:24.515+02:00  INFO 47729 --- [           main] com.zaxxer.hikari.HikariDataSource       : HikariPool-23 - Starting...
2026-04-29T16:58:24.516+02:00  INFO 47729 --- [           main] com.zaxxer.hikari.pool.HikariPool        : HikariPool-23 - Added connection conn220: url=jdbc:h2:mem:test_db user=TEST
2026-04-29T16:58:24.516+02:00  INFO 47729 --- [           main] com.zaxxer.hikari.HikariDataSource       : HikariPool-23 - Start completed.
2026-04-29T16:58:24.549+02:00  INFO 47729 --- [           main] o.h.e.t.j.p.i.JtaPlatformInitiator       : HHH000489: No JTA platform available (set 'hibernate.transaction.jta.platform' to enable JTA platform integration)
2026-04-29T16:58:24.554+02:00  INFO 47729 --- [           main] j.LocalContainerEntityManagerFactoryBean : Initialized JPA EntityManagerFactory for persistence unit 'default'
2026-04-29T16:58:24.596+02:00  WARN 47729 --- [           main] JpaBaseConfiguration$JpaWebConfiguration : spring.jpa.open-in-view is enabled by default. Therefore, database queries may be performed during view rendering. Explicitly configure spring.jpa.open-in-view to disable this warning
2026-04-29T16:58:24.619+02:00  WARN 47729 --- [           main] ion$DefaultTemplateResolverConfiguration : Cannot find template location: classpath:/templates/ (please add some templates, check your Thymeleaf configuration, or set spring.thymeleaf.check-template-location=false)
2026-04-29T16:58:24.637+02:00  INFO 47729 --- [           main] o.a.c.c.C.[Tomcat].[localhost].[/]       : Initializing Spring TestDispatcherServlet ''
2026-04-29T16:58:24.637+02:00  INFO 47729 --- [           main] o.s.t.web.servlet.TestDispatcherServlet  : Initializing Servlet ''
2026-04-29T16:58:24.637+02:00  INFO 47729 --- [           main] o.s.t.web.servlet.TestDispatcherServlet  : Completed initialization in 0 ms
2026-04-29T16:58:24.643+02:00  INFO 47729 --- [           main] o.s.b.w.embedded.tomcat.TomcatWebServer  : Tomcat started on port 42197 (http) with context path ''
2026-04-29T16:58:24.645+02:00  INFO 47729 --- [           main] u.e.s.i.InformeControllerWebTestClientIT : Started InformeControllerWebTestClientIT in 0.257 seconds (process running for 38.214)
2026-04-29T16:58:24.652+02:00  INFO 47729 --- [-auto-22-exec-1] o.a.c.c.C.[Tomcat].[localhost].[/]       : Initializing Spring DispatcherServlet 'dispatcherServlet'
2026-04-29T16:58:24.653+02:00  INFO 47729 --- [-auto-22-exec-1] o.s.web.servlet.DispatcherServlet        : Initializing Servlet 'dispatcherServlet'
2026-04-29T16:58:24.653+02:00  INFO 47729 --- [-auto-22-exec-1] o.s.web.servlet.DispatcherServlet        : Completed initialization in 0 ms
{"status": "Cancer",  "score": 0.6411982438385744}
2026-04-29T16:58:26.720+02:00  INFO 47729 --- [           main] j.LocalContainerEntityManagerFactoryBean : Closing JPA EntityManagerFactory for persistence unit 'default'
2026-04-29T16:58:26.722+02:00  INFO 47729 --- [           main] com.zaxxer.hikari.HikariDataSource       : HikariPool-23 - Shutdown initiated...
2026-04-29T16:58:26.723+02:00  INFO 47729 --- [           main] com.zaxxer.hikari.HikariDataSource       : HikariPool-23 - Shutdown completed.
]]></system-out>
  </testcase>
</testsuite>