<?xml version="1.0" encoding="UTF-8"?>
<testsuite xmlns:xsi="http://www.w3.org/2001/XMLSchema-instance" xsi:noNamespaceSchemaLocation="https://maven.apache.org/surefire/maven-failsafe-plugin/xsd/failsafe-test-report-3.0.xsd" version="3.0" name="com.uma.example.springuma.integration.InformeControllerWebTestClientIT" time="12.118" tests="5" errors="0" skipped="0" failures="0">
  <properties>
[...]
</properties>
  <testcase name="crearInforme_yRecuperarPorImagen" classname="com.uma.example.springuma.integration.InformeControllerWebTestClientIT" time="2.083">
    <system-out><![CDATA[2026-04-29T20:17:46.058+02:00  INFO 135877 --- [           main] t.c.s.AnnotationConfigContextLoaderUtils : Could not detect default configuration classes for test class [com.uma.example.springuma.integration.InformeControllerWebTestClientIT]: InformeControllerWebTestClientIT does not declare any static, non-private, non-final, nested classes annotated with @Configuration.
2026-04-29T20:17:46.060+02:00  INFO 135877 --- [           main] .b.t.c.SpringBootTestContextBootstrapper : Found @SpringBootConfiguration com.uma.example.springuma.SpringumaApplication for test class com.uma.example.springuma.integration.InformeControllerWebTestClientIT
2026-04-29T20:17:46.062+02:00  INFO 135877 --- [           main] o.s.b.d.r.RestartApplicationListener     : Restart disabled due to context in which it is running

  .   ____          _            __ _ _
 /\\ / ___'_ __ _ _(_)_ __  __ _ \ \ \ \
( ( )\___ | '_ | '_| | '_ \/ _` | \ \ \ \
 \\/  ___)| |_)| | | | | || (_| |  ) ) ) )
  '  |____| .__|_| |_|_| |_\__, | / / / /
 =========|_|==============|___/=/_/_/_/
 :: Spring Boot ::                (v3.2.5)

2026-04-29T20:17:46.075+02:00  INFO 135877 --- [           main] u.e.s.i.InformeControllerWebTestClientIT : Starting InformeControllerWebTestClientIT using Java 25.0.2 with PID 135877 (started by juan in /home/juan/Documents/Malaga/IPS/labs/CICD/P6/Practica6Alumnos/IPS_Practica6)
2026-04-29T20:17:46.076+02:00  INFO 135877 --- [           main] u.e.s.i.InformeControllerWebTestClientIT : No active profile set, falling back to 1 default profile: "default"
2026-04-29T20:17:46.168+02:00  INFO 135877 --- [           main] .s.d.r.c.RepositoryConfigurationDelegate : Bootstrapping Spring Data JPA repositories in DEFAULT mode.
2026-04-29T20:17:46.177+02:00  INFO 135877 --- [           main] .s.d.r.c.RepositoryConfigurationDelegate : Finished Spring Data repository scanning in 8 ms. Found 4 JPA repository interfaces.
2026-04-29T20:17:46.222+02:00  INFO 135877 --- [           main] o.s.b.w.embedded.tomcat.TomcatWebServer  : Tomcat initialized with port 0 (http)
2026-04-29T20:17:46.223+02:00  INFO 135877 --- [           main] o.apache.catalina.core.StandardService   : Starting service [Tomcat]
2026-04-29T20:17:46.223+02:00  INFO 135877 --- [           main] o.apache.catalina.core.StandardEngine    : Starting Servlet engine: [Apache Tomcat/10.1.20]
2026-04-29T20:17:46.230+02:00  INFO 135877 --- [           main] o.a.c.c.C.[Tomcat].[localhost].[/]       : Initializing Spring embedded WebApplicationContext
2026-04-29T20:17:46.230+02:00  INFO 135877 --- [           main] w.s.c.ServletWebServerApplicationContext : Root WebApplicationContext: initialization completed in 153 ms
Standard Commons Logging discovery in action with spring-jcl: please remove commons-logging.jar from classpath in order to avoid potential conflicts
2026-04-29T20:17:46.252+02:00  INFO 135877 --- [           main] o.hibernate.jpa.internal.util.LogHelper  : HHH000204: Processing PersistenceUnitInfo [name: default]
2026-04-29T20:17:46.253+02:00  INFO 135877 --- [           main] o.h.c.internal.RegionFactoryInitiator    : HHH000026: Second-level cache disabled
2026-04-29T20:17:46.255+02:00  INFO 135877 --- [           main] o.s.o.j.p.SpringPersistenceUnitInfo      : No LoadTimeWeaver setup: ignoring JPA class transformer
2026-04-29T20:17:46.256+02:00  INFO 135877 --- [           main] com.zaxxer.hikari.HikariDataSource       : HikariPool-7 - Starting...
2026-04-29T20:17:46.258+02:00  INFO 135877 --- [           main] com.zaxxer.hikari.pool.HikariPool        : HikariPool-7 - Added connection conn60: url=jdbc:h2:mem:test_db user=TEST
2026-04-29T20:17:46.258+02:00  INFO 135877 --- [           main] com.zaxxer.hikari.HikariDataSource       : HikariPool-7 - Start completed.
2026-04-29T20:17:46.304+02:00  INFO 135877 --- [           main] o.h.e.t.j.p.i.JtaPlatformInitiator       : HHH000489: No JTA platform available (set 'hibernate.transaction.jta.platform' to enable JTA platform integration)
2026-04-29T20:17:46.312+02:00  INFO 135877 --- [           main] j.LocalContainerEntityManagerFactoryBean : Initialized JPA EntityManagerFactory for persistence unit 'default'
2026-04-29T20:17:46.369+02:00  WARN 135877 --- [           main] JpaBaseConfiguration$JpaWebConfiguration : spring.jpa.open-in-view is enabled by default. Therefore, database queries may be performed during view rendering. Explicitly configure spring.jpa.open-in-view to disable this warning
2026-04-29T20:17:46.404+02:00  WARN 135877 --- [           main] ion$DefaultTemplateResolverConfiguration : Cannot find template location: classpath:/templates/ (please add some templates, check your Thymeleaf configuration, or set spring.thymeleaf.check-template-location=false)
2026-04-29T20:17:46.432+02:00  INFO 135877 --- [           main] o.a.c.c.C.[Tomcat].[localhost].[/]       : Initializing Spring TestDispatcherServlet ''
2026-04-29T20:17:46.432+02:00  INFO 135877 --- [           main] o.s.t.web.servlet.TestDispatcherServlet  : Initializing Servlet ''
2026-04-29T20:17:46.432+02:00  INFO 135877 --- [           main] o.s.t.web.servlet.TestDispatcherServlet  : Completed initialization in 0 ms
2026-04-29T20:17:46.440+02:00  INFO 135877 --- [           main] o.s.b.w.embedded.tomcat.TomcatWebServer  : Tomcat started on port 34737 (http) with context path ''
2026-04-29T20:17:46.442+02:00  INFO 135877 --- [           main] u.e.s.i.InformeControllerWebTestClientIT : Started InformeControllerWebTestClientIT in 0.38 seconds (process running for 24.869)
2026-04-29T20:17:46.452+02:00  INFO 135877 --- [o-auto-7-exec-1] o.a.c.c.C.[Tomcat].[localhost].[/]       : Initializing Spring DispatcherServlet 'dispatcherServlet'
2026-04-29T20:17:46.452+02:00  INFO 135877 --- [o-auto-7-exec-1] o.s.web.servlet.DispatcherServlet        : Initializing Servlet 'dispatcherServlet'
2026-04-29T20:17:46.453+02:00  INFO 135877 --- [o-auto-7-exec-1] o.s.web.servlet.DispatcherServlet        : Completed initialization in 1 ms
{"status": "Not cancer",  "score": 0.7901869439762371}
2026-04-29T20:17:48.522+02:00  INFO 135877 --- [           main] j.LocalContainerEntityManagerFactoryBean : Closing JPA EntityManagerFactory for persistence unit 'default'
2026-04-29T20:17:48.524+02:00  INFO 135877 --- [           main] com.zaxxer.hikari.HikariDataSource       : HikariPool-7 - Shutdown initiated...
2026-04-29T20:17:48.525+02:00  INFO 135877 --- [           main] com.zaxxer.hikari.HikariDataSource       : HikariPool-7 - Shutdown completed.
]]></system-out>
  </testcase>
  <testcase name="crearInforme_verificarPrediccionAleatoria" classname="com.uma.example.springuma.integration.InformeControllerWebTestClientIT" time="2.403">
    <system-out><![CDATA[2026-04-29T20:17:48.529+02:00  INFO 135877 --- [           main] o.s.b.d.r.RestartApplicationListener     : Restart disabled due to context in which it is running

  .   ____          _            __ _ _
 /\\ / ___'_ __ _ _(_)_ __  __ _ \ \ \ \
( ( )\___ | '_ | '_| | '_ \/ _` | \ \ \ \
 \\/  ___)| |_)| | | | | || (_| |  ) ) ) )
  '  |____| .__|_| |_|_| |_\__, | / / / /
 =========|_|==============|___/=/_/_/_/
 :: Spring Boot ::                (v3.2.5)

2026-04-29T20:17:48.539+02:00  INFO 135877 --- [           main] u.e.s.i.InformeControllerWebTestClientIT : Starting InformeControllerWebTestClientIT using Java 25.0.2 with PID 135877 (started by juan in /home/juan/Documents/Malaga/IPS/labs/CICD/P6/Practica6Alumnos/IPS_Practica6)
2026-04-29T20:17:48.539+02:00  INFO 135877 --- [           main] u.e.s.i.InformeControllerWebTestClientIT : No active profile set, falling back to 1 default profile: "default"
2026-04-29T20:17:48.619+02:00  INFO 135877 --- [           main] .s.d.r.c.RepositoryConfigurationDelegate : Bootstrapping Spring Data JPA repositories in DEFAULT mode.
2026-04-29T20:17:48.623+02:00  INFO 135877 --- [           main] .s.d.r.c.RepositoryConfigurationDelegate : Finished Spring Data repository scanning in 4 ms. Found 4 JPA repository interfaces.
2026-04-29T20:17:48.660+02:00  INFO 135877 --- [           main] o.s.b.w.embedded.tomcat.TomcatWebServer  : Tomcat initialized with port 0 (http)
2026-04-29T20:17:48.661+02:00  INFO 135877 --- [           main] o.apache.catalina.core.StandardService   : Starting service [Tomcat]
2026-04-29T20:17:48.661+02:00  INFO 135877 --- [           main] o.apache.catalina.core.StandardEngine    : Starting Servlet engine: [Apache Tomcat/10.1.20]
2026-04-29T20:17:48.668+02:00  INFO 135877 --- [           main] o.a.c.c.C.[Tomcat].[localhost].[/]       : Initializing Spring embedded WebApplicationContext
2026-04-29T20:17:48.668+02:00  INFO 135877 --- [           main] w.s.c.ServletWebServerApplicationContext : Root WebApplicationContext: initialization completed in 128 ms
Standard Commons Logging discovery in action with spring-jcl: please remove commons-logging.jar from classpath in order to avoid potential conflicts
2026-04-29T20:17:48.686+02:00  INFO 135877 --- [           main] o.hibernate.jpa.internal.util.LogHelper  : HHH000204: Processing PersistenceUnitInfo [name: default]
2026-04-29T20:17:48.687+02:00  INFO 135877 --- [           main] o.h.c.internal.RegionFactoryInitiator    : HHH000026: Second-level cache disabled
2026-04-29T20:17:48.689+02:00  INFO 135877 --- [           main] o.s.o.j.p.SpringPersistenceUnitInfo      : No LoadTimeWeaver setup: ignoring JPA class transformer
2026-04-29T20:17:48.690+02:00  INFO 135877 --- [           main] com.zaxxer.hikari.HikariDataSource       : HikariPool-8 - Starting...
2026-04-29T20:17:48.691+02:00  INFO 135877 --- [           main] com.zaxxer.hikari.pool.HikariPool        : HikariPool-8 - Added connection conn70: url=jdbc:h2:mem:test_db user=TEST
2026-04-29T20:17:48.691+02:00  INFO 135877 --- [           main] com.zaxxer.hikari.HikariDataSource       : HikariPool-8 - Start completed.
2026-04-29T20:17:48.733+02:00  INFO 135877 --- [           main] o.h.e.t.j.p.i.JtaPlatformInitiator       : HHH000489: No JTA platform available (set 'hibernate.transaction.jta.platform' to enable JTA platform integration)
2026-04-29T20:17:48.739+02:00  INFO 135877 --- [           main] j.LocalContainerEntityManagerFactoryBean : Initialized JPA EntityManagerFactory for persistence unit 'default'
2026-04-29T20:17:48.789+02:00  WARN 135877 --- [           main] JpaBaseConfiguration$JpaWebConfiguration : spring.jpa.open-in-view is enabled by default. Therefore, database queries may be performed during view rendering. Explicitly configure spring.jpa.open-in-view to disable this warning
2026-04-29T20:17:48.821+02:00  WARN 135877 --- [           main] ion$DefaultTemplateResolverConfiguration : Cannot find template location: classpath:/templates/ (please add some templates, check your Thymeleaf configuration, or set spring.thymeleaf.check-template-location=false)
2026-04-29T20:17:48.848+02:00  INFO 135877 --- [           main] o.a.c.c.C.[Tomcat].[localhost].[/]       : Initializing Spring TestDispatcherServlet ''
2026-04-29T20:17:48.848+02:00  INFO 135877 --- [           main] o.s.t.web.servlet.TestDispatcherServlet  : Initializing Servlet ''
2026-04-29T20:17:48.849+02:00  INFO 135877 --- [           main] o.s.t.web.servlet.TestDispatcherServlet  : Completed initialization in 1 ms
2026-04-29T20:17:48.855+02:00  INFO 135877 --- [           main] o.s.b.w.embedded.tomcat.TomcatWebServer  : Tomcat started on port 37621 (http) with context path ''
2026-04-29T20:17:48.857+02:00  INFO 135877 --- [           main] u.e.s.i.InformeControllerWebTestClientIT : Started InformeControllerWebTestClientIT in 0.328 seconds (process running for 27.284)
2026-04-29T20:17:48.865+02:00  INFO 135877 --- [o-auto-8-exec-1] o.a.c.c.C.[Tomcat].[localhost].[/]       : Initializing Spring DispatcherServlet 'dispatcherServlet'
2026-04-29T20:17:48.865+02:00  INFO 135877 --- [o-auto-8-exec-1] o.s.web.servlet.DispatcherServlet        : Initializing Servlet 'dispatcherServlet'
2026-04-29T20:17:48.866+02:00  INFO 135877 --- [o-auto-8-exec-1] o.s.web.servlet.DispatcherServlet        : Completed initialization in 1 ms
{"status": "Not cancer",  "score": 0.5493566727266563}
2026-04-29T20:17:50.924+02:00  INFO 135877 --- [           main] j.LocalContainerEntityManagerFactoryBean : Closing JPA EntityManagerFactory for persistence unit 'default'
2026-04-29T20:17:50.926+02:00  INFO 135877 --- [           main] com.zaxxer.hikari.HikariDataSource       : HikariPool-8 - Shutdown initiated...
2026-04-29T20:17:50.928+02:00  INFO 135877 --- [           main] com.zaxxer.hikari.HikariDataSource       : HikariPool-8 - Shutdown completed.
]]></system-out>
  </testcase>
  <testcase name="crearInforme_yRecuperarloPorId" classname="com.uma.example.springuma.integration.InformeControllerWebTestClientIT" time="2.426">
    <system-out><![CDATA[2026-04-29T20:17:50.932+02:00  INFO 135877 --- [           main] o.s.b.d.r.RestartApplicationListener     : Restart disabled due to context in which it is running

  .   ____          _            __ _ _
 /\\ / ___'_ __ _ _(_)_ __  __ _ \ \ \ \
( ( )\___ | '_ | '_| | '_ \/ _` | \ \ \ \
 \\/  ___)| |_)| | | | | || (_| |  ) ) ) )
  '  |____| .__|_| |_|_| |_\__, | / / / /
 =========|_|==============|___/=/_/_/_/
 :: Spring Boot ::                (v3.2.5)

2026-04-29T20:17:50.942+02:00  INFO 135877 --- [           main] u.e.s.i.InformeControllerWebTestClientIT : Starting InformeControllerWebTestClientIT using Java 25.0.2 with PID 135877 (started by juan in /home/juan/Documents/Malaga/IPS/labs/CICD/P6/Practica6Alumnos/IPS_Practica6)
2026-04-29T20:17:50.942+02:00  INFO 135877 --- [           main] u.e.s.i.InformeControllerWebTestClientIT : No active profile set, falling back to 1 default profile: "default"
2026-04-29T20:17:51.026+02:00  INFO 135877 --- [           main] .s.d.r.c.RepositoryConfigurationDelegate : Bootstrapping Spring Data JPA repositories in DEFAULT mode.
2026-04-29T20:17:51.031+02:00  INFO 135877 --- [           main] .s.d.r.c.RepositoryConfigurationDelegate : Finished Spring Data repository scanning in 4 ms. Found 4 JPA repository interfaces.
2026-04-29T20:17:51.074+02:00  INFO 135877 --- [           main] o.s.b.w.embedded.tomcat.TomcatWebServer  : Tomcat initialized with port 0 (http)
2026-04-29T20:17:51.074+02:00  INFO 135877 --- [           main] o.apache.catalina.core.StandardService   : Starting service [Tomcat]
2026-04-29T20:17:51.074+02:00  INFO 135877 --- [           main] o.apache.catalina.core.StandardEngine    : Starting Servlet engine: [Apache Tomcat/10.1.20]
2026-04-29T20:17:51.081+02:00  INFO 135877 --- [           main] o.a.c.c.C.[Tomcat].[localhost].[/]       : Initializing Spring embedded WebApplicationContext
2026-04-29T20:17:51.081+02:00  INFO 135877 --- [           main] w.s.c.ServletWebServerApplicationContext : Root WebApplicationContext: initialization completed in 138 ms
Standard Commons Logging discovery in action with spring-jcl: please remove commons-logging.jar from classpath in order to avoid potential conflicts
2026-04-29T20:17:51.102+02:00  INFO 135877 --- [           main] o.hibernate.jpa.internal.util.LogHelper  : HHH000204: Processing PersistenceUnitInfo [name: default]
2026-04-29T20:17:51.103+02:00  INFO 135877 --- [           main] o.h.c.internal.RegionFactoryInitiator    : HHH000026: Second-level cache disabled
2026-04-29T20:17:51.106+02:00  INFO 135877 --- [           main] o.s.o.j.p.SpringPersistenceUnitInfo      : No LoadTimeWeaver setup: ignoring JPA class transformer
2026-04-29T20:17:51.106+02:00  INFO 135877 --- [           main] com.zaxxer.hikari.HikariDataSource       : HikariPool-9 - Starting...
2026-04-29T20:17:51.108+02:00  INFO 135877 --- [           main] com.zaxxer.hikari.pool.HikariPool        : HikariPool-9 - Added connection conn80: url=jdbc:h2:mem:test_db user=TEST
2026-04-29T20:17:51.108+02:00  INFO 135877 --- [           main] com.zaxxer.hikari.HikariDataSource       : HikariPool-9 - Start completed.
2026-04-29T20:17:51.153+02:00  INFO 135877 --- [           main] o.h.e.t.j.p.i.JtaPlatformInitiator       : HHH000489: No JTA platform available (set 'hibernate.transaction.jta.platform' to enable JTA platform integration)
2026-04-29T20:17:51.160+02:00  INFO 135877 --- [           main] j.LocalContainerEntityManagerFactoryBean : Initialized JPA EntityManagerFactory for persistence unit 'default'
2026-04-29T20:17:51.210+02:00  WARN 135877 --- [           main] JpaBaseConfiguration$JpaWebConfiguration : spring.jpa.open-in-view is enabled by default. Therefore, database queries may be performed during view rendering. Explicitly configure spring.jpa.open-in-view to disable this warning
2026-04-29T20:17:51.244+02:00  WARN 135877 --- [           main] ion$DefaultTemplateResolverConfiguration : Cannot find template location: classpath:/templates/ (please add some templates, check your Thymeleaf configuration, or set spring.thymeleaf.check-template-location=false)
2026-04-29T20:17:51.274+02:00  INFO 135877 --- [           main] o.a.c.c.C.[Tomcat].[localhost].[/]       : Initializing Spring TestDispatcherServlet ''
2026-04-29T20:17:51.274+02:00  INFO 135877 --- [           main] o.s.t.web.servlet.TestDispatcherServlet  : Initializing Servlet ''
2026-04-29T20:17:51.274+02:00  INFO 135877 --- [           main] o.s.t.web.servlet.TestDispatcherServlet  : Completed initialization in 0 ms
2026-04-29T20:17:51.281+02:00  INFO 135877 --- [           main] o.s.b.w.embedded.tomcat.TomcatWebServer  : Tomcat started on port 35131 (http) with context path ''
2026-04-29T20:17:51.283+02:00  INFO 135877 --- [           main] u.e.s.i.InformeControllerWebTestClientIT : Started InformeControllerWebTestClientIT in 0.351 seconds (process running for 29.71)
2026-04-29T20:17:51.291+02:00  INFO 135877 --- [o-auto-9-exec-1] o.a.c.c.C.[Tomcat].[localhost].[/]       : Initializing Spring DispatcherServlet 'dispatcherServlet'
2026-04-29T20:17:51.291+02:00  INFO 135877 --- [o-auto-9-exec-1] o.s.web.servlet.DispatcherServlet        : Initializing Servlet 'dispatcherServlet'
2026-04-29T20:17:51.292+02:00  INFO 135877 --- [o-auto-9-exec-1] o.s.web.servlet.DispatcherServlet        : Completed initialization in 1 ms
{"status": "Cancer",  "score": 0.704184155503902}
2026-04-29T20:17:53.351+02:00  INFO 135877 --- [           main] j.LocalContainerEntityManagerFactoryBean : Closing JPA EntityManagerFactory for persistence unit 'default'
2026-04-29T20:17:53.353+02:00  INFO 135877 --- [           main] com.zaxxer.hikari.HikariDataSource       : HikariPool-9 - Shutdown initiated...
2026-04-29T20:17:53.354+02:00  INFO 135877 --- [           main] com.zaxxer.hikari.HikariDataSource       : HikariPool-9 - Shutdown completed.
]]></system-out>
  </testcase>
  <testcase name="crearVariosInformes_yRecuperarPorImagen" classname="com.uma.example.springuma.integration.InformeControllerWebTestClientIT" time="2.413">
    <system-out><![CDATA[2026-04-29T20:17:53.359+02:00  INFO 135877 --- [           main] o.s.b.d.r.RestartApplicationListener     : Restart disabled due to context in which it is running

  .   ____          _            __ _ _
 /\\ / ___'_ __ _ _(_)_ __  __ _ \ \ \ \
( ( )\___ | '_ | '_| | '_ \/ _` | \ \ \ \
 \\/  ___)| |_)| | | | | || (_| |  ) ) ) )
  '  |____| .__|_| |_|_| |_\__, | / / / /
 =========|_|==============|___/=/_/_/_/
 :: Spring Boot ::                (v3.2.5)

2026-04-29T20:17:53.369+02:00  INFO 135877 --- [           main] u.e.s.i.InformeControllerWebTestClientIT : Starting InformeControllerWebTestClientIT using Java 25.0.2 with PID 135877 (started by juan in /home/juan/Documents/Malaga/IPS/labs/CICD/P6/Practica6Alumnos/IPS_Practica6)
2026-04-29T20:17:53.369+02:00  INFO 135877 --- [           main] u.e.s.i.InformeControllerWebTestClientIT : No active profile set, falling back to 1 default profile: "default"
2026-04-29T20:17:53.445+02:00  INFO 135877 --- [           main] .s.d.r.c.RepositoryConfigurationDelegate : Bootstrapping Spring Data JPA repositories in DEFAULT mode.
2026-04-29T20:17:53.450+02:00  INFO 135877 --- [           main] .s.d.r.c.RepositoryConfigurationDelegate : Finished Spring Data repository scanning in 4 ms. Found 4 JPA repository interfaces.
2026-04-29T20:17:53.487+02:00  INFO 135877 --- [           main] o.s.b.w.embedded.tomcat.TomcatWebServer  : Tomcat initialized with port 0 (http)
2026-04-29T20:17:53.488+02:00  INFO 135877 --- [           main] o.apache.catalina.core.StandardService   : Starting service [Tomcat]
2026-04-29T20:17:53.488+02:00  INFO 135877 --- [           main] o.apache.catalina.core.StandardEngine    : Starting Servlet engine: [Apache Tomcat/10.1.20]
2026-04-29T20:17:53.495+02:00  INFO 135877 --- [           main] o.a.c.c.C.[Tomcat].[localhost].[/]       : Initializing Spring embedded WebApplicationContext
2026-04-29T20:17:53.495+02:00  INFO 135877 --- [           main] w.s.c.ServletWebServerApplicationContext : Root WebApplicationContext: initialization completed in 125 ms
Standard Commons Logging discovery in action with spring-jcl: please remove commons-logging.jar from classpath in order to avoid potential conflicts
2026-04-29T20:17:53.514+02:00  INFO 135877 --- [           main] o.hibernate.jpa.internal.util.LogHelper  : HHH000204: Processing PersistenceUnitInfo [name: default]
2026-04-29T20:17:53.515+02:00  INFO 135877 --- [           main] o.h.c.internal.RegionFactoryInitiator    : HHH000026: Second-level cache disabled
2026-04-29T20:17:53.518+02:00  INFO 135877 --- [           main] o.s.o.j.p.SpringPersistenceUnitInfo      : No LoadTimeWeaver setup: ignoring JPA class transformer
2026-04-29T20:17:53.518+02:00  INFO 135877 --- [           main] com.zaxxer.hikari.HikariDataSource       : HikariPool-10 - Starting...
2026-04-29T20:17:53.520+02:00  INFO 135877 --- [           main] com.zaxxer.hikari.pool.HikariPool        : HikariPool-10 - Added connection conn90: url=jdbc:h2:mem:test_db user=TEST
2026-04-29T20:17:53.520+02:00  INFO 135877 --- [           main] com.zaxxer.hikari.HikariDataSource       : HikariPool-10 - Start completed.
2026-04-29T20:17:53.563+02:00  INFO 135877 --- [           main] o.h.e.t.j.p.i.JtaPlatformInitiator       : HHH000489: No JTA platform available (set 'hibernate.transaction.jta.platform' to enable JTA platform integration)
2026-04-29T20:17:53.572+02:00  INFO 135877 --- [           main] j.LocalContainerEntityManagerFactoryBean : Initialized JPA EntityManagerFactory for persistence unit 'default'
2026-04-29T20:17:53.620+02:00  WARN 135877 --- [           main] JpaBaseConfiguration$JpaWebConfiguration : spring.jpa.open-in-view is enabled by default. Therefore, database queries may be performed during view rendering. Explicitly configure spring.jpa.open-in-view to disable this warning
2026-04-29T20:17:53.652+02:00  WARN 135877 --- [           main] ion$DefaultTemplateResolverConfiguration : Cannot find template location: classpath:/templates/ (please add some templates, check your Thymeleaf configuration, or set spring.thymeleaf.check-template-location=false)
2026-04-29T20:17:53.680+02:00  INFO 135877 --- [           main] o.a.c.c.C.[Tomcat].[localhost].[/]       : Initializing Spring TestDispatcherServlet ''
2026-04-29T20:17:53.680+02:00  INFO 135877 --- [           main] o.s.t.web.servlet.TestDispatcherServlet  : Initializing Servlet ''
2026-04-29T20:17:53.680+02:00  INFO 135877 --- [           main] o.s.t.web.servlet.TestDispatcherServlet  : Completed initialization in 0 ms
2026-04-29T20:17:53.688+02:00  INFO 135877 --- [           main] o.s.b.w.embedded.tomcat.TomcatWebServer  : Tomcat started on port 44543 (http) with context path ''
2026-04-29T20:17:53.690+02:00  INFO 135877 --- [           main] u.e.s.i.InformeControllerWebTestClientIT : Started InformeControllerWebTestClientIT in 0.331 seconds (process running for 32.117)
2026-04-29T20:17:53.698+02:00  INFO 135877 --- [-auto-10-exec-1] o.a.c.c.C.[Tomcat].[localhost].[/]       : Initializing Spring DispatcherServlet 'dispatcherServlet'
2026-04-29T20:17:53.698+02:00  INFO 135877 --- [-auto-10-exec-1] o.s.web.servlet.DispatcherServlet        : Initializing Servlet 'dispatcherServlet'
2026-04-29T20:17:53.699+02:00  INFO 135877 --- [-auto-10-exec-1] o.s.web.servlet.DispatcherServlet        : Completed initialization in 1 ms
{"status": "Cancer",  "score": 0.9975394694450193}
{"status": "Cancer",  "score": 0.6395606693568336}
2026-04-29T20:17:55.765+02:00  INFO 135877 --- [           main] j.LocalContainerEntityManagerFactoryBean : Closing JPA EntityManagerFactory for persistence unit 'default'
2026-04-29T20:17:55.767+02:00  INFO 135877 --- [           main] com.zaxxer.hikari.HikariDataSource       : HikariPool-10 - Shutdown initiated...
2026-04-29T20:17:55.768+02:00  INFO 135877 --- [           main] com.zaxxer.hikari.HikariDataSource       : HikariPool-10 - Shutdown completed.
]]></system-out>
  </testcase>
  <testcase name="crearInforme_yEliminar" classname="com.uma.example.springuma.integration.InformeControllerWebTestClientIT" time="2.402">
    <system-out><![CDATA[2026-04-29T20:17:55.772+02:00  INFO 135877 --- [           main] o.s.b.d.r.RestartApplicationListener     : Restart disabled due to context in which it is running

  .   ____          _            __ _ _
 /\\ / ___'_ __ _ _(_)_ __  __ _ \ \ \ \
( ( )\___ | '_ | '_| | '_ \/ _` | \ \ \ \
 \\/  ___)| |_)| | | | | || (_| |  ) ) ) )
  '  |____| .__|_| |_|_| |_\__, | / / / /
 =========|_|==============|___/=/_/_/_/
 :: Spring Boot ::                (v3.2.5)

2026-04-29T20:17:55.782+02:00  INFO 135877 --- [           main] u.e.s.i.InformeControllerWebTestClientIT : Starting InformeControllerWebTestClientIT using Java 25.0.2 with PID 135877 (started by juan in /home/juan/Documents/Malaga/IPS/labs/CICD/P6/Practica6Alumnos/IPS_Practica6)
2026-04-29T20:17:55.782+02:00  INFO 135877 --- [           main] u.e.s.i.InformeControllerWebTestClientIT : No active profile set, falling back to 1 default profile: "default"
2026-04-29T20:17:55.857+02:00  INFO 135877 --- [           main] .s.d.r.c.RepositoryConfigurationDelegate : Bootstrapping Spring Data JPA repositories in DEFAULT mode.
2026-04-29T20:17:55.861+02:00  INFO 135877 --- [           main] .s.d.r.c.RepositoryConfigurationDelegate : Finished Spring Data repository scanning in 3 ms. Found 4 JPA repository interfaces.
2026-04-29T20:17:55.895+02:00  INFO 135877 --- [           main] o.s.b.w.embedded.tomcat.TomcatWebServer  : Tomcat initialized with port 0 (http)
2026-04-29T20:17:55.896+02:00  INFO 135877 --- [           main] o.apache.catalina.core.StandardService   : Starting service [Tomcat]
2026-04-29T20:17:55.896+02:00  INFO 135877 --- [           main] o.apache.catalina.core.StandardEngine    : Starting Servlet engine: [Apache Tomcat/10.1.20]
2026-04-29T20:17:55.903+02:00  INFO 135877 --- [           main] o.a.c.c.C.[Tomcat].[localhost].[/]       : Initializing Spring embedded WebApplicationContext
2026-04-29T20:17:55.903+02:00  INFO 135877 --- [           main] w.s.c.ServletWebServerApplicationContext : Root WebApplicationContext: initialization completed in 120 ms
Standard Commons Logging discovery in action with spring-jcl: please remove commons-logging.jar from classpath in order to avoid potential conflicts
2026-04-29T20:17:55.922+02:00  INFO 135877 --- [           main] o.hibernate.jpa.internal.util.LogHelper  : HHH000204: Processing PersistenceUnitInfo [name: default]
2026-04-29T20:17:55.923+02:00  INFO 135877 --- [           main] o.h.c.internal.RegionFactoryInitiator    : HHH000026: Second-level cache disabled
2026-04-29T20:17:55.925+02:00  INFO 135877 --- [           main] o.s.o.j.p.SpringPersistenceUnitInfo      : No LoadTimeWeaver setup: ignoring JPA class transformer
2026-04-29T20:17:55.925+02:00  INFO 135877 --- [           main] com.zaxxer.hikari.HikariDataSource       : HikariPool-11 - Starting...
2026-04-29T20:17:55.927+02:00  INFO 135877 --- [           main] com.zaxxer.hikari.pool.HikariPool        : HikariPool-11 - Added connection conn100: url=jdbc:h2:mem:test_db user=TEST
2026-04-29T20:17:55.927+02:00  INFO 135877 --- [           main] com.zaxxer.hikari.HikariDataSource       : HikariPool-11 - Start completed.
2026-04-29T20:17:55.966+02:00  INFO 135877 --- [           main] o.h.e.t.j.p.i.JtaPlatformInitiator       : HHH000489: No JTA platform available (set 'hibernate.transaction.jta.platform' to enable JTA platform integration)
2026-04-29T20:17:55.973+02:00  INFO 135877 --- [           main] j.LocalContainerEntityManagerFactoryBean : Initialized JPA EntityManagerFactory for persistence unit 'default'
2026-04-29T20:17:56.021+02:00  WARN 135877 --- [           main] JpaBaseConfiguration$JpaWebConfiguration : spring.jpa.open-in-view is enabled by default. Therefore, database queries may be performed during view rendering. Explicitly configure spring.jpa.open-in-view to disable this warning
2026-04-29T20:17:56.051+02:00  WARN 135877 --- [           main] ion$DefaultTemplateResolverConfiguration : Cannot find template location: classpath:/templates/ (please add some templates, check your Thymeleaf configuration, or set spring.thymeleaf.check-template-location=false)
2026-04-29T20:17:56.077+02:00  INFO 135877 --- [           main] o.a.c.c.C.[Tomcat].[localhost].[/]       : Initializing Spring TestDispatcherServlet ''
2026-04-29T20:17:56.077+02:00  INFO 135877 --- [           main] o.s.t.web.servlet.TestDispatcherServlet  : Initializing Servlet ''
2026-04-29T20:17:56.078+02:00  INFO 135877 --- [           main] o.s.t.web.servlet.TestDispatcherServlet  : Completed initialization in 0 ms
2026-04-29T20:17:56.084+02:00  INFO 135877 --- [           main] o.s.b.w.embedded.tomcat.TomcatWebServer  : Tomcat started on port 39799 (http) with context path ''
2026-04-29T20:17:56.086+02:00  INFO 135877 --- [           main] u.e.s.i.InformeControllerWebTestClientIT : Started InformeControllerWebTestClientIT in 0.314 seconds (process running for 34.513)
2026-04-29T20:17:56.094+02:00  INFO 135877 --- [-auto-11-exec-1] o.a.c.c.C.[Tomcat].[localhost].[/]       : Initializing Spring DispatcherServlet 'dispatcherServlet'
2026-04-29T20:17:56.095+02:00  INFO 135877 --- [-auto-11-exec-1] o.s.web.servlet.DispatcherServlet        : Initializing Servlet 'dispatcherServlet'
2026-04-29T20:17:56.095+02:00  INFO 135877 --- [-auto-11-exec-1] o.s.web.servlet.DispatcherServlet        : Completed initialization in 0 ms
2026-04-29T20:17:56.123+02:00 ERROR 135877 --- [or-http-epoll-2] io.netty.util.ResourceLeakDetector       : LEAK: ByteBuf.release() was not called before it's garbage-collected. See https://netty.io/wiki/reference-counted-objects.html for more information.
Recent access records: 
Created at:
	io.netty.buffer.PooledByteBufAllocator.newDirectBuffer(PooledByteBufAllocator.java:404)
	io.netty.buffer.AbstractByteBufAllocator.directBuffer(AbstractByteBufAllocator.java:188)
	io.netty.buffer.AbstractByteBufAllocator.directBuffer(AbstractByteBufAllocator.java:179)
	io.netty.channel.unix.PreferredDirectByteBufAllocator.ioBuffer(PreferredDirectByteBufAllocator.java:53)
	io.netty.channel.DefaultMaxMessagesRecvByteBufAllocator$MaxMessageHandle.allocate(DefaultMaxMessagesRecvByteBufAllocator.java:120)
	io.netty.channel.epoll.EpollRecvByteAllocatorHandle.allocate(EpollRecvByteAllocatorHandle.java:75)
	io.netty.channel.epoll.AbstractEpollStreamChannel$EpollStreamUnsafe.epollInReady(AbstractEpollStreamChannel.java:786)
	io.netty.channel.epoll.EpollEventLoop.processReady(EpollEventLoop.java:501)
	io.netty.channel.epoll.EpollEventLoop.run(EpollEventLoop.java:399)
	io.netty.util.concurrent.SingleThreadEventExecutor$4.run(SingleThreadEventExecutor.java:997)
	io.netty.util.internal.ThreadExecutorMap$2.run(ThreadExecutorMap.java:74)
	io.netty.util.concurrent.FastThreadLocalRunnable.run(FastThreadLocalRunnable.java:30)
	java.base/java.lang.Thread.run(Thread.java:1474)
2026-04-29T20:17:56.123+02:00 ERROR 135877 --- [or-http-epoll-2] io.netty.util.ResourceLeakDetector       : LEAK: ByteBuf.release() was not called before it's garbage-collected. See https://netty.io/wiki/reference-counted-objects.html for more information.
Recent access records: 
Created at:
	io.netty.buffer.SimpleLeakAwareByteBuf.unwrappedDerived(SimpleLeakAwareByteBuf.java:144)
	io.netty.buffer.SimpleLeakAwareByteBuf.readRetainedSlice(SimpleLeakAwareByteBuf.java:67)
	io.netty.handler.codec.http.HttpObjectDecoder.decode(HttpObjectDecoder.java:439)
	io.netty.handler.codec.http.HttpClientCodec$Decoder.decode(HttpClientCodec.java:320)
	io.netty.handler.codec.ByteToMessageDecoder.decodeRemovalReentryProtection(ByteToMessageDecoder.java:530)
	io.netty.handler.codec.ByteToMessageDecoder.callDecode(ByteToMessageDecoder.java:469)
	io.netty.handler.codec.ByteToMessageDecoder.channelRead(ByteToMessageDecoder.java:290)
	io.netty.channel.CombinedChannelDuplexHandler.channelRead(CombinedChannelDuplexHandler.java:251)
	io.netty.channel.AbstractChannelHandlerContext.invokeChannelRead(AbstractChannelHandlerContext.java:442)
	io.netty.channel.AbstractChannelHandlerContext.invokeChannelRead(AbstractChannelHandlerContext.java:420)
	io.netty.channel.AbstractChannelHandlerContext.fireChannelRead(AbstractChannelHandlerContext.java:412)
	io.netty.channel.DefaultChannelPipeline$HeadContext.channelRead(DefaultChannelPipeline.java:1410)
	io.netty.channel.AbstractChannelHandlerContext.invokeChannelRead(AbstractChannelHandlerContext.java:440)
	io.netty.channel.AbstractChannelHandlerContext.invokeChannelRead(AbstractChannelHandlerContext.java:420)
	io.netty.channel.DefaultChannelPipeline.fireChannelRead(DefaultChannelPipeline.java:919)
	io.netty.channel.epoll.AbstractEpollStreamChannel$EpollStreamUnsafe.epollInReady(AbstractEpollStreamChannel.java:801)
	io.netty.channel.epoll.EpollEventLoop.processReady(EpollEventLoop.java:501)
	io.netty.channel.epoll.EpollEventLoop.run(EpollEventLoop.java:399)
	io.netty.util.concurrent.SingleThreadEventExecutor$4.run(SingleThreadEventExecutor.java:997)
	io.netty.util.internal.ThreadExecutorMap$2.run(ThreadExecutorMap.java:74)
	io.netty.util.concurrent.FastThreadLocalRunnable.run(FastThreadLocalRunnable.java:30)
	java.base/java.lang.Thread.run(Thread.java:1474)
{"status": "Cancer",  "score": 0.8895157986502978}
2026-04-29T20:17:58.167+02:00  INFO 135877 --- [           main] j.LocalContainerEntityManagerFactoryBean : Closing JPA EntityManagerFactory for persistence unit 'default'
2026-04-29T20:17:58.170+02:00  INFO 135877 --- [           main] com.zaxxer.hikari.HikariDataSource       : HikariPool-11 - Shutdown initiated...
2026-04-29T20:17:58.170+02:00  INFO 135877 --- [           main] com.zaxxer.hikari.HikariDataSource       : HikariPool-11 - Shutdown completed.
]]></system-out>
  </testcase>
</testsuite>