<?xml version="1.0" encoding="UTF-8"?>
<testsuite xmlns:xsi="http://www.w3.org/2001/XMLSchema-instance" xsi:noNamespaceSchemaLocation="https://maven.apache.org/surefire/maven-failsafe-plugin/xsd/failsafe-test-report-3.0.xsd" version="3.0" name="com.uma.example.springuma.integration.PacienteControllerMockMvcIT" time="2.139" tests="6" errors="0" skipped="0" failures="0">
  <properties>
[...]
</properties>
  <testcase name="asociarVariosPacientesAMedico" classname="com.uma.example.springuma.integration.PacienteControllerMockMvcIT" time="0.045">
    <system-out><![CDATA[2026-04-29T14:46:28.869+02:00  INFO 283451 --- [           main] t.c.s.AnnotationConfigContextLoaderUtils : Could not detect default configuration classes for test class [com.uma.example.springuma.integration.PacienteControllerMockMvcIT]: PacienteControllerMockMvcIT does not declare any static, non-private, non-final, nested classes annotated with @Configuration.
2026-04-29T14:46:28.870+02:00  INFO 283451 --- [           main] .b.t.c.SpringBootTestContextBootstrapper : Found @SpringBootConfiguration com.uma.example.springuma.SpringumaApplication for test class com.uma.example.springuma.integration.PacienteControllerMockMvcIT
2026-04-29T14:46:28.872+02:00  INFO 283451 --- [           main] o.s.b.d.r.RestartApplicationListener     : Restart disabled due to context in which it is running

  .   ____          _            __ _ _
 /\\ / ___'_ __ _ _(_)_ __  __ _ \ \ \ \
( ( )\___ | '_ | '_| | '_ \/ _` | \ \ \ \
 \\/  ___)| |_)| | | | | || (_| |  ) ) ) )
  '  |____| .__|_| |_|_| |_\__, | / / / /
 =========|_|==============|___/=/_/_/_/
 :: Spring Boot ::                (v3.2.5)

2026-04-29T14:46:28.881+02:00  INFO 283451 --- [           main] c.u.e.s.i.PacienteControllerMockMvcIT    : Starting PacienteControllerMockMvcIT using Java 25.0.2 with PID 283451 (started by juan in /home/juan/Documents/Malaga/IPS/labs/CICD/P6/Practica6Alumnos/Practica6Alumnos)
2026-04-29T14:46:28.881+02:00  INFO 283451 --- [           main] c.u.e.s.i.PacienteControllerMockMvcIT    : No active profile set, falling back to 1 default profile: "default"
2026-04-29T14:46:28.947+02:00  INFO 283451 --- [           main] .s.d.r.c.RepositoryConfigurationDelegate : Bootstrapping Spring Data JPA repositories in DEFAULT mode.
2026-04-29T14:46:28.952+02:00  INFO 283451 --- [           main] .s.d.r.c.RepositoryConfigurationDelegate : Finished Spring Data repository scanning in 4 ms. Found 4 JPA repository interfaces.
2026-04-29T14:46:28.984+02:00  INFO 283451 --- [           main] o.s.b.w.embedded.tomcat.TomcatWebServer  : Tomcat initialized with port 0 (http)
2026-04-29T14:46:28.985+02:00  INFO 283451 --- [           main] o.apache.catalina.core.StandardService   : Starting service [Tomcat]
2026-04-29T14:46:28.985+02:00  INFO 283451 --- [           main] o.apache.catalina.core.StandardEngine    : Starting Servlet engine: [Apache Tomcat/10.1.20]
2026-04-29T14:46:28.991+02:00  INFO 283451 --- [           main] o.a.c.c.C.[Tomcat].[localhost].[/]       : Initializing Spring embedded WebApplicationContext
2026-04-29T14:46:28.991+02:00  INFO 283451 --- [           main] w.s.c.ServletWebServerApplicationContext : Root WebApplicationContext: initialization completed in 109 ms
Standard Commons Logging discovery in action with spring-jcl: please remove commons-logging.jar from classpath in order to avoid potential conflicts
2026-04-29T14:46:29.008+02:00  INFO 283451 --- [           main] o.hibernate.jpa.internal.util.LogHelper  : HHH000204: Processing PersistenceUnitInfo [name: default]
2026-04-29T14:46:29.009+02:00  INFO 283451 --- [           main] o.h.c.internal.RegionFactoryInitiator    : HHH000026: Second-level cache disabled
2026-04-29T14:46:29.011+02:00  INFO 283451 --- [           main] o.s.o.j.p.SpringPersistenceUnitInfo      : No LoadTimeWeaver setup: ignoring JPA class transformer
2026-04-29T14:46:29.011+02:00  INFO 283451 --- [           main] com.zaxxer.hikari.HikariDataSource       : HikariPool-17 - Starting...
2026-04-29T14:46:29.013+02:00  INFO 283451 --- [           main] com.zaxxer.hikari.pool.HikariPool        : HikariPool-17 - Added connection conn156: url=jdbc:h2:mem:test_db user=TEST
2026-04-29T14:46:29.013+02:00  INFO 283451 --- [           main] com.zaxxer.hikari.HikariDataSource       : HikariPool-17 - Start completed.
2026-04-29T14:46:29.048+02:00  INFO 283451 --- [           main] o.h.e.t.j.p.i.JtaPlatformInitiator       : HHH000489: No JTA platform available (set 'hibernate.transaction.jta.platform' to enable JTA platform integration)
2026-04-29T14:46:29.054+02:00  INFO 283451 --- [           main] j.LocalContainerEntityManagerFactoryBean : Initialized JPA EntityManagerFactory for persistence unit 'default'
2026-04-29T14:46:29.097+02:00  WARN 283451 --- [           main] JpaBaseConfiguration$JpaWebConfiguration : spring.jpa.open-in-view is enabled by default. Therefore, database queries may be performed during view rendering. Explicitly configure spring.jpa.open-in-view to disable this warning
2026-04-29T14:46:29.128+02:00  WARN 283451 --- [           main] ion$DefaultTemplateResolverConfiguration : Cannot find template location: classpath:/templates/ (please add some templates, check your Thymeleaf configuration, or set spring.thymeleaf.check-template-location=false)
2026-04-29T14:46:29.153+02:00  INFO 283451 --- [           main] o.a.c.c.C.[Tomcat].[localhost].[/]       : Initializing Spring TestDispatcherServlet ''
2026-04-29T14:46:29.153+02:00  INFO 283451 --- [           main] o.s.t.web.servlet.TestDispatcherServlet  : Initializing Servlet ''
2026-04-29T14:46:29.154+02:00  INFO 283451 --- [           main] o.s.t.web.servlet.TestDispatcherServlet  : Completed initialization in 1 ms
2026-04-29T14:46:29.161+02:00  INFO 283451 --- [           main] o.s.b.w.embedded.tomcat.TomcatWebServer  : Tomcat started on port 43561 (http) with context path ''
2026-04-29T14:46:29.163+02:00  INFO 283451 --- [           main] c.u.e.s.i.PacienteControllerMockMvcIT    : Started PacienteControllerMockMvcIT in 0.291 seconds (process running for 42.41)
2026-04-29T14:46:29.198+02:00  INFO 283451 --- [           main] j.LocalContainerEntityManagerFactoryBean : Closing JPA EntityManagerFactory for persistence unit 'default'
2026-04-29T14:46:29.200+02:00  INFO 283451 --- [           main] com.zaxxer.hikari.HikariDataSource       : HikariPool-17 - Shutdown initiated...
2026-04-29T14:46:29.207+02:00  INFO 283451 --- [           main] com.zaxxer.hikari.HikariDataSource       : HikariPool-17 - Shutdown completed.
]]></system-out>
  </testcase>
  <testcase name="crearPacienteAsociadoAMedico_yRecuperarPorMedico" classname="com.uma.example.springuma.integration.PacienteControllerMockMvcIT" time="0.372">
    <system-out><![CDATA[2026-04-29T14:46:29.211+02:00  INFO 283451 --- [           main] o.s.b.d.r.RestartApplicationListener     : Restart disabled due to context in which it is running

  .   ____          _            __ _ _
 /\\ / ___'_ __ _ _(_)_ __  __ _ \ \ \ \
( ( )\___ | '_ | '_| | '_ \/ _` | \ \ \ \
 \\/  ___)| |_)| | | | | || (_| |  ) ) ) )
  '  |____| .__|_| |_|_| |_\__, | / / / /
 =========|_|==============|___/=/_/_/_/
 :: Spring Boot ::                (v3.2.5)

2026-04-29T14:46:29.223+02:00  INFO 283451 --- [           main] c.u.e.s.i.PacienteControllerMockMvcIT    : Starting PacienteControllerMockMvcIT using Java 25.0.2 with PID 283451 (started by juan in /home/juan/Documents/Malaga/IPS/labs/CICD/P6/Practica6Alumnos/Practica6Alumnos)
2026-04-29T14:46:29.223+02:00  INFO 283451 --- [           main] c.u.e.s.i.PacienteControllerMockMvcIT    : No active profile set, falling back to 1 default profile: "default"
2026-04-29T14:46:29.309+02:00  INFO 283451 --- [           main] .s.d.r.c.RepositoryConfigurationDelegate : Bootstrapping Spring Data JPA repositories in DEFAULT mode.
2026-04-29T14:46:29.314+02:00  INFO 283451 --- [           main] .s.d.r.c.RepositoryConfigurationDelegate : Finished Spring Data repository scanning in 4 ms. Found 4 JPA repository interfaces.
2026-04-29T14:46:29.357+02:00  INFO 283451 --- [           main] o.s.b.w.embedded.tomcat.TomcatWebServer  : Tomcat initialized with port 0 (http)
2026-04-29T14:46:29.358+02:00  INFO 283451 --- [           main] o.apache.catalina.core.StandardService   : Starting service [Tomcat]
2026-04-29T14:46:29.358+02:00  INFO 283451 --- [           main] o.apache.catalina.core.StandardEngine    : Starting Servlet engine: [Apache Tomcat/10.1.20]
2026-04-29T14:46:29.368+02:00  INFO 283451 --- [           main] o.a.c.c.C.[Tomcat].[localhost].[/]       : Initializing Spring embedded WebApplicationContext
2026-04-29T14:46:29.368+02:00  INFO 283451 --- [           main] w.s.c.ServletWebServerApplicationContext : Root WebApplicationContext: initialization completed in 144 ms
Standard Commons Logging discovery in action with spring-jcl: please remove commons-logging.jar from classpath in order to avoid potential conflicts
2026-04-29T14:46:29.389+02:00  INFO 283451 --- [           main] o.hibernate.jpa.internal.util.LogHelper  : HHH000204: Processing PersistenceUnitInfo [name: default]
2026-04-29T14:46:29.391+02:00  INFO 283451 --- [           main] o.h.c.internal.RegionFactoryInitiator    : HHH000026: Second-level cache disabled
2026-04-29T14:46:29.393+02:00  INFO 283451 --- [           main] o.s.o.j.p.SpringPersistenceUnitInfo      : No LoadTimeWeaver setup: ignoring JPA class transformer
2026-04-29T14:46:29.394+02:00  INFO 283451 --- [           main] com.zaxxer.hikari.HikariDataSource       : HikariPool-18 - Starting...
2026-04-29T14:46:29.395+02:00  INFO 283451 --- [           main] com.zaxxer.hikari.pool.HikariPool        : HikariPool-18 - Added connection conn166: url=jdbc:h2:mem:test_db user=TEST
2026-04-29T14:46:29.395+02:00  INFO 283451 --- [           main] com.zaxxer.hikari.HikariDataSource       : HikariPool-18 - Start completed.
2026-04-29T14:46:29.433+02:00  INFO 283451 --- [           main] o.h.e.t.j.p.i.JtaPlatformInitiator       : HHH000489: No JTA platform available (set 'hibernate.transaction.jta.platform' to enable JTA platform integration)
2026-04-29T14:46:29.439+02:00  INFO 283451 --- [           main] j.LocalContainerEntityManagerFactoryBean : Initialized JPA EntityManagerFactory for persistence unit 'default'
2026-04-29T14:46:29.486+02:00  WARN 283451 --- [           main] JpaBaseConfiguration$JpaWebConfiguration : spring.jpa.open-in-view is enabled by default. Therefore, database queries may be performed during view rendering. Explicitly configure spring.jpa.open-in-view to disable this warning
2026-04-29T14:46:29.515+02:00  WARN 283451 --- [           main] ion$DefaultTemplateResolverConfiguration : Cannot find template location: classpath:/templates/ (please add some templates, check your Thymeleaf configuration, or set spring.thymeleaf.check-template-location=false)
2026-04-29T14:46:29.542+02:00  INFO 283451 --- [           main] o.a.c.c.C.[Tomcat].[localhost].[/]       : Initializing Spring TestDispatcherServlet ''
2026-04-29T14:46:29.542+02:00  INFO 283451 --- [           main] o.s.t.web.servlet.TestDispatcherServlet  : Initializing Servlet ''
2026-04-29T14:46:29.542+02:00  INFO 283451 --- [           main] o.s.t.web.servlet.TestDispatcherServlet  : Completed initialization in 0 ms
2026-04-29T14:46:29.549+02:00  INFO 283451 --- [           main] o.s.b.w.embedded.tomcat.TomcatWebServer  : Tomcat started on port 36515 (http) with context path ''
2026-04-29T14:46:29.552+02:00  INFO 283451 --- [           main] c.u.e.s.i.PacienteControllerMockMvcIT    : Started PacienteControllerMockMvcIT in 0.34 seconds (process running for 42.798)
2026-04-29T14:46:29.575+02:00  INFO 283451 --- [           main] j.LocalContainerEntityManagerFactoryBean : Closing JPA EntityManagerFactory for persistence unit 'default'
2026-04-29T14:46:29.576+02:00  INFO 283451 --- [           main] com.zaxxer.hikari.HikariDataSource       : HikariPool-18 - Shutdown initiated...
2026-04-29T14:46:29.580+02:00  INFO 283451 --- [           main] com.zaxxer.hikari.HikariDataSource       : HikariPool-18 - Shutdown completed.
]]></system-out>
  </testcase>
  <testcase name="editarMedicoDePaciente" classname="com.uma.example.springuma.integration.PacienteControllerMockMvcIT" time="0.355">
    <system-out><![CDATA[2026-04-29T14:46:29.583+02:00  INFO 283451 --- [           main] o.s.b.d.r.RestartApplicationListener     : Restart disabled due to context in which it is running

  .   ____          _            __ _ _
 /\\ / ___'_ __ _ _(_)_ __  __ _ \ \ \ \
( ( )\___ | '_ | '_| | '_ \/ _` | \ \ \ \
 \\/  ___)| |_)| | | | | || (_| |  ) ) ) )
  '  |____| .__|_| |_|_| |_\__, | / / / /
 =========|_|==============|___/=/_/_/_/
 :: Spring Boot ::                (v3.2.5)

2026-04-29T14:46:29.593+02:00  INFO 283451 --- [           main] c.u.e.s.i.PacienteControllerMockMvcIT    : Starting PacienteControllerMockMvcIT using Java 25.0.2 with PID 283451 (started by juan in /home/juan/Documents/Malaga/IPS/labs/CICD/P6/Practica6Alumnos/Practica6Alumnos)
2026-04-29T14:46:29.593+02:00  INFO 283451 --- [           main] c.u.e.s.i.PacienteControllerMockMvcIT    : No active profile set, falling back to 1 default profile: "default"
2026-04-29T14:46:29.672+02:00  INFO 283451 --- [           main] .s.d.r.c.RepositoryConfigurationDelegate : Bootstrapping Spring Data JPA repositories in DEFAULT mode.
2026-04-29T14:46:29.676+02:00  INFO 283451 --- [           main] .s.d.r.c.RepositoryConfigurationDelegate : Finished Spring Data repository scanning in 3 ms. Found 4 JPA repository interfaces.
2026-04-29T14:46:29.710+02:00  INFO 283451 --- [           main] o.s.b.w.embedded.tomcat.TomcatWebServer  : Tomcat initialized with port 0 (http)
2026-04-29T14:46:29.711+02:00  INFO 283451 --- [           main] o.apache.catalina.core.StandardService   : Starting service [Tomcat]
2026-04-29T14:46:29.711+02:00  INFO 283451 --- [           main] o.apache.catalina.core.StandardEngine    : Starting Servlet engine: [Apache Tomcat/10.1.20]
2026-04-29T14:46:29.718+02:00  INFO 283451 --- [           main] o.a.c.c.C.[Tomcat].[localhost].[/]       : Initializing Spring embedded WebApplicationContext
2026-04-29T14:46:29.718+02:00  INFO 283451 --- [           main] w.s.c.ServletWebServerApplicationContext : Root WebApplicationContext: initialization completed in 124 ms
Standard Commons Logging discovery in action with spring-jcl: please remove commons-logging.jar from classpath in order to avoid potential conflicts
2026-04-29T14:46:29.736+02:00  INFO 283451 --- [           main] o.hibernate.jpa.internal.util.LogHelper  : HHH000204: Processing PersistenceUnitInfo [name: default]
2026-04-29T14:46:29.737+02:00  INFO 283451 --- [           main] o.h.c.internal.RegionFactoryInitiator    : HHH000026: Second-level cache disabled
2026-04-29T14:46:29.739+02:00  INFO 283451 --- [           main] o.s.o.j.p.SpringPersistenceUnitInfo      : No LoadTimeWeaver setup: ignoring JPA class transformer
2026-04-29T14:46:29.739+02:00  INFO 283451 --- [           main] com.zaxxer.hikari.HikariDataSource       : HikariPool-19 - Starting...
2026-04-29T14:46:29.740+02:00  INFO 283451 --- [           main] com.zaxxer.hikari.pool.HikariPool        : HikariPool-19 - Added connection conn175: url=jdbc:h2:mem:test_db user=TEST
2026-04-29T14:46:29.741+02:00  INFO 283451 --- [           main] com.zaxxer.hikari.HikariDataSource       : HikariPool-19 - Start completed.
2026-04-29T14:46:29.778+02:00  INFO 283451 --- [           main] o.h.e.t.j.p.i.JtaPlatformInitiator       : HHH000489: No JTA platform available (set 'hibernate.transaction.jta.platform' to enable JTA platform integration)
2026-04-29T14:46:29.784+02:00  INFO 283451 --- [           main] j.LocalContainerEntityManagerFactoryBean : Initialized JPA EntityManagerFactory for persistence unit 'default'
2026-04-29T14:46:29.830+02:00  WARN 283451 --- [           main] JpaBaseConfiguration$JpaWebConfiguration : spring.jpa.open-in-view is enabled by default. Therefore, database queries may be performed during view rendering. Explicitly configure spring.jpa.open-in-view to disable this warning
2026-04-29T14:46:29.859+02:00  WARN 283451 --- [           main] ion$DefaultTemplateResolverConfiguration : Cannot find template location: classpath:/templates/ (please add some templates, check your Thymeleaf configuration, or set spring.thymeleaf.check-template-location=false)
2026-04-29T14:46:29.884+02:00  INFO 283451 --- [           main] o.a.c.c.C.[Tomcat].[localhost].[/]       : Initializing Spring TestDispatcherServlet ''
2026-04-29T14:46:29.884+02:00  INFO 283451 --- [           main] o.s.t.web.servlet.TestDispatcherServlet  : Initializing Servlet ''
2026-04-29T14:46:29.885+02:00  INFO 283451 --- [           main] o.s.t.web.servlet.TestDispatcherServlet  : Completed initialization in 1 ms
2026-04-29T14:46:29.892+02:00  INFO 283451 --- [           main] o.s.b.w.embedded.tomcat.TomcatWebServer  : Tomcat started on port 38405 (http) with context path ''
2026-04-29T14:46:29.893+02:00  INFO 283451 --- [           main] c.u.e.s.i.PacienteControllerMockMvcIT    : Started PacienteControllerMockMvcIT in 0.31 seconds (process running for 43.14)
2026-04-29T14:46:29.932+02:00  INFO 283451 --- [           main] j.LocalContainerEntityManagerFactoryBean : Closing JPA EntityManagerFactory for persistence unit 'default'
2026-04-29T14:46:29.934+02:00  INFO 283451 --- [           main] com.zaxxer.hikari.HikariDataSource       : HikariPool-19 - Shutdown initiated...
2026-04-29T14:46:29.935+02:00  INFO 283451 --- [           main] com.zaxxer.hikari.HikariDataSource       : HikariPool-19 - Shutdown completed.
]]></system-out>
  </testcase>
  <testcase name="savePaciente_RecuperaPacientePorId" classname="com.uma.example.springuma.integration.PacienteControllerMockMvcIT" time="0.347">
    <system-out><![CDATA[2026-04-29T14:46:29.939+02:00  INFO 283451 --- [           main] o.s.b.d.r.RestartApplicationListener     : Restart disabled due to context in which it is running

  .   ____          _            __ _ _
 /\\ / ___'_ __ _ _(_)_ __  __ _ \ \ \ \
( ( )\___ | '_ | '_| | '_ \/ _` | \ \ \ \
 \\/  ___)| |_)| | | | | || (_| |  ) ) ) )
  '  |____| .__|_| |_|_| |_\__, | / / / /
 =========|_|==============|___/=/_/_/_/
 :: Spring Boot ::                (v3.2.5)

2026-04-29T14:46:29.949+02:00  INFO 283451 --- [           main] c.u.e.s.i.PacienteControllerMockMvcIT    : Starting PacienteControllerMockMvcIT using Java 25.0.2 with PID 283451 (started by juan in /home/juan/Documents/Malaga/IPS/labs/CICD/P6/Practica6Alumnos/Practica6Alumnos)
2026-04-29T14:46:29.949+02:00  INFO 283451 --- [           main] c.u.e.s.i.PacienteControllerMockMvcIT    : No active profile set, falling back to 1 default profile: "default"
2026-04-29T14:46:30.019+02:00  INFO 283451 --- [           main] .s.d.r.c.RepositoryConfigurationDelegate : Bootstrapping Spring Data JPA repositories in DEFAULT mode.
2026-04-29T14:46:30.024+02:00  INFO 283451 --- [           main] .s.d.r.c.RepositoryConfigurationDelegate : Finished Spring Data repository scanning in 4 ms. Found 4 JPA repository interfaces.
2026-04-29T14:46:30.057+02:00  INFO 283451 --- [           main] o.s.b.w.embedded.tomcat.TomcatWebServer  : Tomcat initialized with port 0 (http)
2026-04-29T14:46:30.058+02:00  INFO 283451 --- [           main] o.apache.catalina.core.StandardService   : Starting service [Tomcat]
2026-04-29T14:46:30.058+02:00  INFO 283451 --- [           main] o.apache.catalina.core.StandardEngine    : Starting Servlet engine: [Apache Tomcat/10.1.20]
2026-04-29T14:46:30.065+02:00  INFO 283451 --- [           main] o.a.c.c.C.[Tomcat].[localhost].[/]       : Initializing Spring embedded WebApplicationContext
2026-04-29T14:46:30.065+02:00  INFO 283451 --- [           main] w.s.c.ServletWebServerApplicationContext : Root WebApplicationContext: initialization completed in 115 ms
Standard Commons Logging discovery in action with spring-jcl: please remove commons-logging.jar from classpath in order to avoid potential conflicts
2026-04-29T14:46:30.083+02:00  INFO 283451 --- [           main] o.hibernate.jpa.internal.util.LogHelper  : HHH000204: Processing PersistenceUnitInfo [name: default]
2026-04-29T14:46:30.084+02:00  INFO 283451 --- [           main] o.h.c.internal.RegionFactoryInitiator    : HHH000026: Second-level cache disabled
2026-04-29T14:46:30.086+02:00  INFO 283451 --- [           main] o.s.o.j.p.SpringPersistenceUnitInfo      : No LoadTimeWeaver setup: ignoring JPA class transformer
2026-04-29T14:46:30.086+02:00  INFO 283451 --- [           main] com.zaxxer.hikari.HikariDataSource       : HikariPool-20 - Starting...
2026-04-29T14:46:30.087+02:00  INFO 283451 --- [           main] com.zaxxer.hikari.pool.HikariPool        : HikariPool-20 - Added connection conn185: url=jdbc:h2:mem:test_db user=TEST
2026-04-29T14:46:30.088+02:00  INFO 283451 --- [           main] com.zaxxer.hikari.HikariDataSource       : HikariPool-20 - Start completed.
2026-04-29T14:46:30.124+02:00  INFO 283451 --- [           main] o.h.e.t.j.p.i.JtaPlatformInitiator       : HHH000489: No JTA platform available (set 'hibernate.transaction.jta.platform' to enable JTA platform integration)
2026-04-29T14:46:30.131+02:00  INFO 283451 --- [           main] j.LocalContainerEntityManagerFactoryBean : Initialized JPA EntityManagerFactory for persistence unit 'default'
2026-04-29T14:46:30.176+02:00  WARN 283451 --- [           main] JpaBaseConfiguration$JpaWebConfiguration : spring.jpa.open-in-view is enabled by default. Therefore, database queries may be performed during view rendering. Explicitly configure spring.jpa.open-in-view to disable this warning
2026-04-29T14:46:30.208+02:00  WARN 283451 --- [           main] ion$DefaultTemplateResolverConfiguration : Cannot find template location: classpath:/templates/ (please add some templates, check your Thymeleaf configuration, or set spring.thymeleaf.check-template-location=false)
2026-04-29T14:46:30.236+02:00  INFO 283451 --- [           main] o.a.c.c.C.[Tomcat].[localhost].[/]       : Initializing Spring TestDispatcherServlet ''
2026-04-29T14:46:30.236+02:00  INFO 283451 --- [           main] o.s.t.web.servlet.TestDispatcherServlet  : Initializing Servlet ''
2026-04-29T14:46:30.237+02:00  INFO 283451 --- [           main] o.s.t.web.servlet.TestDispatcherServlet  : Completed initialization in 1 ms
2026-04-29T14:46:30.244+02:00  INFO 283451 --- [           main] o.s.b.w.embedded.tomcat.TomcatWebServer  : Tomcat started on port 36127 (http) with context path ''
2026-04-29T14:46:30.246+02:00  INFO 283451 --- [           main] c.u.e.s.i.PacienteControllerMockMvcIT    : Started PacienteControllerMockMvcIT in 0.307 seconds (process running for 43.493)
2026-04-29T14:46:30.273+02:00  INFO 283451 --- [           main] j.LocalContainerEntityManagerFactoryBean : Closing JPA EntityManagerFactory for persistence unit 'default'
2026-04-29T14:46:30.274+02:00  INFO 283451 --- [           main] com.zaxxer.hikari.HikariDataSource       : HikariPool-20 - Shutdown initiated...
2026-04-29T14:46:30.283+02:00  INFO 283451 --- [           main] com.zaxxer.hikari.HikariDataSource       : HikariPool-20 - Shutdown completed.
]]></system-out>
  </testcase>
  <testcase name="actualizarPaciente_yVerificar" classname="com.uma.example.springuma.integration.PacienteControllerMockMvcIT" time="0.373">
    <system-out><![CDATA[2026-04-29T14:46:30.287+02:00  INFO 283451 --- [           main] o.s.b.d.r.RestartApplicationListener     : Restart disabled due to context in which it is running

  .   ____          _            __ _ _
 /\\ / ___'_ __ _ _(_)_ __  __ _ \ \ \ \
( ( )\___ | '_ | '_| | '_ \/ _` | \ \ \ \
 \\/  ___)| |_)| | | | | || (_| |  ) ) ) )
  '  |____| .__|_| |_|_| |_\__, | / / / /
 =========|_|==============|___/=/_/_/_/
 :: Spring Boot ::                (v3.2.5)

2026-04-29T14:46:30.297+02:00  INFO 283451 --- [           main] c.u.e.s.i.PacienteControllerMockMvcIT    : Starting PacienteControllerMockMvcIT using Java 25.0.2 with PID 283451 (started by juan in /home/juan/Documents/Malaga/IPS/labs/CICD/P6/Practica6Alumnos/Practica6Alumnos)
2026-04-29T14:46:30.297+02:00  INFO 283451 --- [           main] c.u.e.s.i.PacienteControllerMockMvcIT    : No active profile set, falling back to 1 default profile: "default"
2026-04-29T14:46:30.363+02:00  INFO 283451 --- [           main] .s.d.r.c.RepositoryConfigurationDelegate : Bootstrapping Spring Data JPA repositories in DEFAULT mode.
2026-04-29T14:46:30.367+02:00  INFO 283451 --- [           main] .s.d.r.c.RepositoryConfigurationDelegate : Finished Spring Data repository scanning in 3 ms. Found 4 JPA repository interfaces.
2026-04-29T14:46:30.408+02:00  INFO 283451 --- [           main] o.s.b.w.embedded.tomcat.TomcatWebServer  : Tomcat initialized with port 0 (http)
2026-04-29T14:46:30.409+02:00  INFO 283451 --- [           main] o.apache.catalina.core.StandardService   : Starting service [Tomcat]
2026-04-29T14:46:30.409+02:00  INFO 283451 --- [           main] o.apache.catalina.core.StandardEngine    : Starting Servlet engine: [Apache Tomcat/10.1.20]
2026-04-29T14:46:30.451+02:00  INFO 283451 --- [           main] o.a.c.c.C.[Tomcat].[localhost].[/]       : Initializing Spring embedded WebApplicationContext
2026-04-29T14:46:30.451+02:00  INFO 283451 --- [           main] w.s.c.ServletWebServerApplicationContext : Root WebApplicationContext: initialization completed in 153 ms
Standard Commons Logging discovery in action with spring-jcl: please remove commons-logging.jar from classpath in order to avoid potential conflicts
2026-04-29T14:46:30.468+02:00  INFO 283451 --- [           main] o.hibernate.jpa.internal.util.LogHelper  : HHH000204: Processing PersistenceUnitInfo [name: default]
2026-04-29T14:46:30.469+02:00  INFO 283451 --- [           main] o.h.c.internal.RegionFactoryInitiator    : HHH000026: Second-level cache disabled
2026-04-29T14:46:30.471+02:00  INFO 283451 --- [           main] o.s.o.j.p.SpringPersistenceUnitInfo      : No LoadTimeWeaver setup: ignoring JPA class transformer
2026-04-29T14:46:30.472+02:00  INFO 283451 --- [           main] com.zaxxer.hikari.HikariDataSource       : HikariPool-21 - Starting...
2026-04-29T14:46:30.473+02:00  INFO 283451 --- [           main] com.zaxxer.hikari.pool.HikariPool        : HikariPool-21 - Added connection conn195: url=jdbc:h2:mem:test_db user=TEST
2026-04-29T14:46:30.473+02:00  INFO 283451 --- [           main] com.zaxxer.hikari.HikariDataSource       : HikariPool-21 - Start completed.
2026-04-29T14:46:30.510+02:00  INFO 283451 --- [           main] o.h.e.t.j.p.i.JtaPlatformInitiator       : HHH000489: No JTA platform available (set 'hibernate.transaction.jta.platform' to enable JTA platform integration)
2026-04-29T14:46:30.516+02:00  INFO 283451 --- [           main] j.LocalContainerEntityManagerFactoryBean : Initialized JPA EntityManagerFactory for persistence unit 'default'
2026-04-29T14:46:30.563+02:00  WARN 283451 --- [           main] JpaBaseConfiguration$JpaWebConfiguration : spring.jpa.open-in-view is enabled by default. Therefore, database queries may be performed during view rendering. Explicitly configure spring.jpa.open-in-view to disable this warning
2026-04-29T14:46:30.591+02:00  WARN 283451 --- [           main] ion$DefaultTemplateResolverConfiguration : Cannot find template location: classpath:/templates/ (please add some templates, check your Thymeleaf configuration, or set spring.thymeleaf.check-template-location=false)
2026-04-29T14:46:30.615+02:00  INFO 283451 --- [           main] o.a.c.c.C.[Tomcat].[localhost].[/]       : Initializing Spring TestDispatcherServlet ''
2026-04-29T14:46:30.615+02:00  INFO 283451 --- [           main] o.s.t.web.servlet.TestDispatcherServlet  : Initializing Servlet ''
2026-04-29T14:46:30.616+02:00  INFO 283451 --- [           main] o.s.t.web.servlet.TestDispatcherServlet  : Completed initialization in 1 ms
2026-04-29T14:46:30.623+02:00  INFO 283451 --- [           main] o.s.b.w.embedded.tomcat.TomcatWebServer  : Tomcat started on port 44895 (http) with context path ''
2026-04-29T14:46:30.625+02:00  INFO 283451 --- [           main] c.u.e.s.i.PacienteControllerMockMvcIT    : Started PacienteControllerMockMvcIT in 0.338 seconds (process running for 43.871)
2026-04-29T14:46:30.651+02:00  INFO 283451 --- [           main] j.LocalContainerEntityManagerFactoryBean : Closing JPA EntityManagerFactory for persistence unit 'default'
2026-04-29T14:46:30.653+02:00  INFO 283451 --- [           main] com.zaxxer.hikari.HikariDataSource       : HikariPool-21 - Shutdown initiated...
2026-04-29T14:46:30.657+02:00  INFO 283451 --- [           main] com.zaxxer.hikari.HikariDataSource       : HikariPool-21 - Shutdown completed.
]]></system-out>
  </testcase>
  <testcase name="eliminarPaciente_yVerificarQueNoExiste" classname="com.uma.example.springuma.integration.PacienteControllerMockMvcIT" time="0.348">
    <system-out><![CDATA[2026-04-29T14:46:30.661+02:00  INFO 283451 --- [           main] o.s.b.d.r.RestartApplicationListener     : Restart disabled due to context in which it is running

  .   ____          _            __ _ _
 /\\ / ___'_ __ _ _(_)_ __  __ _ \ \ \ \
( ( )\___ | '_ | '_| | '_ \/ _` | \ \ \ \
 \\/  ___)| |_)| | | | | || (_| |  ) ) ) )
  '  |____| .__|_| |_|_| |_\__, | / / / /
 =========|_|==============|___/=/_/_/_/
 :: Spring Boot ::                (v3.2.5)

2026-04-29T14:46:30.671+02:00  INFO 283451 --- [           main] c.u.e.s.i.PacienteControllerMockMvcIT    : Starting PacienteControllerMockMvcIT using Java 25.0.2 with PID 283451 (started by juan in /home/juan/Documents/Malaga/IPS/labs/CICD/P6/Practica6Alumnos/Practica6Alumnos)
2026-04-29T14:46:30.671+02:00  INFO 283451 --- [           main] c.u.e.s.i.PacienteControllerMockMvcIT    : No active profile set, falling back to 1 default profile: "default"
2026-04-29T14:46:30.735+02:00  INFO 283451 --- [           main] .s.d.r.c.RepositoryConfigurationDelegate : Bootstrapping Spring Data JPA repositories in DEFAULT mode.
2026-04-29T14:46:30.739+02:00  INFO 283451 --- [           main] .s.d.r.c.RepositoryConfigurationDelegate : Finished Spring Data repository scanning in 3 ms. Found 4 JPA repository interfaces.
2026-04-29T14:46:30.774+02:00  INFO 283451 --- [           main] o.s.b.w.embedded.tomcat.TomcatWebServer  : Tomcat initialized with port 0 (http)
2026-04-29T14:46:30.774+02:00  INFO 283451 --- [           main] o.apache.catalina.core.StandardService   : Starting service [Tomcat]
2026-04-29T14:46:30.774+02:00  INFO 283451 --- [           main] o.apache.catalina.core.StandardEngine    : Starting Servlet engine: [Apache Tomcat/10.1.20]
2026-04-29T14:46:30.781+02:00  INFO 283451 --- [           main] o.a.c.c.C.[Tomcat].[localhost].[/]       : Initializing Spring embedded WebApplicationContext
2026-04-29T14:46:30.781+02:00  INFO 283451 --- [           main] w.s.c.ServletWebServerApplicationContext : Root WebApplicationContext: initialization completed in 109 ms
Standard Commons Logging discovery in action with spring-jcl: please remove commons-logging.jar from classpath in order to avoid potential conflicts
2026-04-29T14:46:30.805+02:00  INFO 283451 --- [           main] o.hibernate.jpa.internal.util.LogHelper  : HHH000204: Processing PersistenceUnitInfo [name: default]
2026-04-29T14:46:30.806+02:00  INFO 283451 --- [           main] o.h.c.internal.RegionFactoryInitiator    : HHH000026: Second-level cache disabled
2026-04-29T14:46:30.808+02:00  INFO 283451 --- [           main] o.s.o.j.p.SpringPersistenceUnitInfo      : No LoadTimeWeaver setup: ignoring JPA class transformer
2026-04-29T14:46:30.809+02:00  INFO 283451 --- [           main] com.zaxxer.hikari.HikariDataSource       : HikariPool-22 - Starting...
2026-04-29T14:46:30.810+02:00  INFO 283451 --- [           main] com.zaxxer.hikari.pool.HikariPool        : HikariPool-22 - Added connection conn204: url=jdbc:h2:mem:test_db user=TEST
2026-04-29T14:46:30.810+02:00  INFO 283451 --- [           main] com.zaxxer.hikari.HikariDataSource       : HikariPool-22 - Start completed.
2026-04-29T14:46:30.853+02:00  INFO 283451 --- [           main] o.h.e.t.j.p.i.JtaPlatformInitiator       : HHH000489: No JTA platform available (set 'hibernate.transaction.jta.platform' to enable JTA platform integration)
2026-04-29T14:46:30.859+02:00  INFO 283451 --- [           main] j.LocalContainerEntityManagerFactoryBean : Initialized JPA EntityManagerFactory for persistence unit 'default'
2026-04-29T14:46:30.910+02:00  WARN 283451 --- [           main] JpaBaseConfiguration$JpaWebConfiguration : spring.jpa.open-in-view is enabled by default. Therefore, database queries may be performed during view rendering. Explicitly configure spring.jpa.open-in-view to disable this warning
2026-04-29T14:46:30.940+02:00  WARN 283451 --- [           main] ion$DefaultTemplateResolverConfiguration : Cannot find template location: classpath:/templates/ (please add some templates, check your Thymeleaf configuration, or set spring.thymeleaf.check-template-location=false)
2026-04-29T14:46:30.963+02:00  INFO 283451 --- [           main] o.a.c.c.C.[Tomcat].[localhost].[/]       : Initializing Spring TestDispatcherServlet ''
2026-04-29T14:46:30.963+02:00  INFO 283451 --- [           main] o.s.t.web.servlet.TestDispatcherServlet  : Initializing Servlet ''
2026-04-29T14:46:30.963+02:00  INFO 283451 --- [           main] o.s.t.web.servlet.TestDispatcherServlet  : Completed initialization in 0 ms
2026-04-29T14:46:30.970+02:00  INFO 283451 --- [           main] o.s.b.w.embedded.tomcat.TomcatWebServer  : Tomcat started on port 37073 (http) with context path ''
2026-04-29T14:46:30.972+02:00  INFO 283451 --- [           main] c.u.e.s.i.PacienteControllerMockMvcIT    : Started PacienteControllerMockMvcIT in 0.311 seconds (process running for 44.218)
Paciente{id=1, nombre='Maria', edad=20, cita='Ginecologia', dni='888', medico=DNI 835: nombre = Miguel, especialidad = Ginecologo}
2026-04-29T14:46:30.998+02:00  WARN 283451 --- [           main] .w.s.m.s.DefaultHandlerExceptionResolver : Resolved [org.springframework.http.converter.HttpMessageNotWritableException: Could not write JSON: Unable to find com.uma.example.springuma.model.Paciente with id 1]
2026-04-29T14:46:31.001+02:00  INFO 283451 --- [           main] j.LocalContainerEntityManagerFactoryBean : Closing JPA EntityManagerFactory for persistence unit 'default'
2026-04-29T14:46:31.002+02:00  INFO 283451 --- [           main] com.zaxxer.hikari.HikariDataSource       : HikariPool-22 - Shutdown initiated...
2026-04-29T14:46:31.005+02:00  INFO 283451 --- [           main] com.zaxxer.hikari.HikariDataSource       : HikariPool-22 - Shutdown completed.
]]></system-out>
  </testcase>
</testsuite>